1 1 1 1702105710964
1 1 2 1702105711471
1 1 3 1702105711991
1 1 4 1702105712509
1 1 5 1702105713023
1 1 6 1702105713535
1 1 7 1702105714047
1 1 8 1702105714559
1 1 9 1702105715069
1 1 10 1702105715590
1 1 11 1702105716102
1 1 12 1702105716614
1 1 13 1702105717134
1 1 14 1702105717651
1 1 15 1702105718163
1 1 16 1702105718677
1 1 17 1702105719192
1 1 18 1702105719710
1 1 19 1702105720225
1 1 20 1702105720745
1 1 21 1702105721284
1 1 22 1702105721807
1 1 23 1702105722326
1 1 24 1702105722838
1 2 1 1702105723358
1 2 2 1702105723870
1 2 3 1702105724388
1 2 4 1702105724911
1 2 5 1702105725422
1 2 6 1702105725940
1 2 7 1702105726452
1 2 8 1702105726962
1 2 9 1702105727476
1 2 10 1702105727996
1 2 11 1702105728509
1 2 12 1702105729028
1 2 13 1702105729538
1 2 14 1702105730050
1 2 15 1702105730569
1 2 16 1702105731087
1 2 17 1702105731606
1 2 18 1702105732116
1 2 19 1702105732635
1 2 20 1702105733155
1 2 21 1702105733669
1 2 22 1702105734188
1 2 23 1702105734706
1 2 24 1702105735217
1 3 1 1702105735736
1 3 2 1702105736255
1 3 3 1702105736766
1 3 4 1702105737286
1 3 5 1702105737806
1 3 6 1702105738324
1 3 7 1702105738843
1 3 8 1702105739363
1 3 9 1702105739875
1 3 10 1702105740388
1 3 11 1702105740906
1 3 12 1702105741421
1 3 13 1702105741940
1 3 14 1702105742458
1 3 15 1702105742976
1 3 16 1702105743495
1 3 17 1702105744011
1 3 18 1702105744532
1 3 19 1702105745044
1 3 20 1702105745557
1 3 21 1702105746069
1 3 22 1702105746582
1 3 23 1702105747104
1 3 24 1702105747617
1 4 1 1702105748128
1 4 2 1702105748640
1 4 3 1702105749156
1 4 4 1702105749675
1 4 5 1702105750187
1 4 6 1702105750706
1 4 7 1702105751217
1 4 8 1702105751732
1 4 9 1702105752243
1 4 10 1702105752760
1 4 11 1702105753271
1 4 12 1702105753787
1 4 13 1702105754305
1 4 14 1702105754819
1 4 15 1702105755328
1 4 16 1702105755841
1 4 17 1702105756353
1 4 18 1702105756864
1 4 19 1702105757376
1 4 20 1702105757894
1 4 21 1702105758406
1 4 22 1702105758917
1 4 23 1702105759429
1 4 24 1702105759947
2 1 1 1702105760460
2 1 2 1702105760970
2 1 3 1702105761488
2 1 4 1702105761999
2 1 5 1702105762519
2 1 6 1702105763030
2 1 7 1702105763575
2 1 8 1702105764086
2 1 9 1702105764607
2 1 10 1702105765124
2 1 11 1702105765642
2 1 12 1702105766161
2 1 13 1702105766680
2 1 14 1702105767194
2 1 15 1702105767738
2 1 16 1702105768252
2 1 17 1702105768771
2 1 18 1702105769287
2 1 19 1702105769800
2 1 20 1702105770317
2 1 21 1702105770842
2 1 22 1702105771363
2 1 23 1702105771876
2 1 24 1702105772393
2 2 1 1702105772904
2 2 2 1702105773413
2 2 3 1702105773921
2 2 4 1702105774430
2 2 5 1702105774942
2 2 6 1702105775451
2 2 7 1702105775961
2 2 8 1702105776466
2 2 9 1702105776973
2 2 10 1702105777482
2 2 11 1702105777993
2 2 12 1702105778503
2 2 13 1702105779014
2 2 14 1702105779525
2 2 15 1702105780039
2 2 16 1702105780550
2 2 17 1702105781060
2 2 18 1702105781572
2 2 19 1702105782083
2 2 20 1702105782595
2 2 21 1702105783104
2 2 22 1702105783612
2 2 23 1702105784123
2 2 24 1702105784632
2 3 1 1702105785144
2 3 2 1702105785655
2 3 3 1702105786167
2 3 4 1702105786678
2 3 5 1702105787188
2 3 6 1702105787701
2 3 7 1702105788213
2 3 8 1702105788723
2 3 9 1702105789235
2 3 10 1702105789743
2 3 11 1702105790253
2 3 12 1702105790763
2 3 13 1702105791273
2 3 14 1702105791784
2 3 15 1702105792293
2 3 16 1702105792803
2 3 17 1702105793312
2 3 18 1702105793821
2 3 19 1702105794331
2 3 20 1702105794839
2 3 21 1702105795350
2 3 22 1702105795860
2 3 23 1702105796371
2 3 24 1702105796882
2 4 1 1702105797393
2 4 2 1702105797906
2 4 3 1702105798419
2 4 4 1702105798929
2 4 5 1702105799441
2 4 6 1702105799952
2 4 7 1702105800465
2 4 8 1702105800972
2 4 9 1702105801482
2 4 10 1702105801991
2 4 11 1702105802497
2 4 12 1702105803003
2 4 13 1702105803509
2 4 14 1702105804016
2 4 15 1702105804545
2 4 16 1702105805055
2 4 17 1702105805563
2 4 18 1702105806070
2 4 19 1702105806583
2 4 20 1702105807092
2 4 21 1702105807603
2 4 22 1702105808113
2 4 23 1702105808624
2 4 24 1702105809152
3 1 1 1702105809663
3 1 2 1702105810172
3 1 3 1702105810684
3 1 4 1702105811197
3 1 5 1702105811707
3 1 6 1702105812216
3 1 7 1702105812730
3 1 8 1702105813238
3 1 9 1702105813745
3 1 10 1702105814252
3 1 11 1702105814761
3 1 12 1702105815270
3 1 13 1702105815781
3 1 14 1702105816293
3 1 15 1702105816799
3 1 16 1702105817310
3 1 17 1702105817820
3 1 18 1702105818333
3 1 19 1702105818842
3 1 20 1702105819349
3 1 21 1702105819861
3 1 22 1702105820373
3 1 23 1702105820881
3 1 24 1702105821392
3 2 1 1702105821904
3 2 2 1702105822415
3 2 3 1702105822924
3 2 4 1702105823433
3 2 5 1702105823944
3 2 6 1702105824452
3 2 7 1702105824961
3 2 8 1702105825473
3 2 9 1702105825983
3 2 10 1702105826497
3 2 11 1702105827004
3 2 12 1702105827512
3 2 13 1702105828019
3 2 14 1702105828530
3 2 15 1702105829038
3 2 16 1702105829545
3 2 17 1702105830055
3 2 18 1702105830566
3 2 19 1702105831078
3 2 20 1702105831590
3 2 21 1702105832102
3 2 22 1702105832614
3 2 23 1702105833125
3 2 24 1702105833633
3 3 1 1702105834142
3 3 2 1702105834654
3 3 3 1702105835164
3 3 4 1702105835675
3 3 5 1702105836187
3 3 6 1702105836698
3 3 7 1702105837206
3 3 8 1702105837717
3 3 9 1702105838225
3 3 10 1702105838734
3 3 11 1702105839243
3 3 12 1702105839754
3 3 13 1702105840264
3 3 14 1702105840775
3 3 15 1702105841287
3 3 16 1702105841799
3 3 17 1702105842307
3 3 18 1702105842817
3 3 19 1702105843329
3 3 20 1702105843840
3 3 21 1702105844352
3 3 22 1702105844865
3 3 23 1702105845378
3 3 24 1702105845896
3 4 1 1702105846407
3 4 2 1702105846919
3 4 3 1702105847437
3 4 4 1702105847944
3 4 5 1702105848456
3 4 6 1702105848964
3 4 7 1702105849471
3 4 8 1702105849981
3 4 9 1702105850491
3 4 10 1702105850999
3 4 11 1702105851509
3 4 12 1702105852018
3 4 13 1702105852526
3 4 14 1702105853037
3 4 15 1702105853548
3 4 16 1702105854063
3 4 17 1702105854571
3 4 18 1702105855082
3 4 19 1702105855594
3 4 20 1702105856106
3 4 21 1702105856615
3 4 22 1702105857125
3 4 23 1702105857638
3 4 24 1702105858149
4 1 1 1702105858661
4 1 2 1702105859172
4 1 3 1702105859683
4 1 4 1702105860195
4 1 5 1702105860705
4 1 6 1702105861212
4 1 7 1702105861722
4 1 8 1702105862228
4 1 9 1702105862739
4 1 10 1702105863251
4 1 11 1702105863759
4 1 12 1702105864265
4 1 13 1702105864772
4 1 14 1702105865279
4 1 15 1702105865787
4 1 16 1702105866295
4 1 17 1702105866807
4 1 18 1702105867314
4 1 19 1702105867824
4 1 20 1702105868334
4 1 21 1702105868842
4 1 22 1702105869353
4 1 23 1702105869862
4 1 24 1702105870371
4 2 1 1702105870882
4 2 2 1702105871392
4 2 3 1702105871899
4 2 4 1702105872410
4 2 5 1702105872923
4 2 6 1702105873432
4 2 7 1702105873939
4 2 8 1702105874447
4 2 9 1702105874959
4 2 10 1702105875469
4 2 11 1702105875976
4 2 12 1702105876487
4 2 13 1702105877007
4 2 14 1702105877516
4 2 15 1702105878029
4 2 16 1702105878539
4 2 17 1702105879048
4 2 18 1702105879561
4 2 19 1702105880072
4 2 20 1702105880580
4 2 21 1702105881087
4 2 22 1702105881597
4 2 23 1702105882107
4 2 24 1702105882618
4 3 1 1702105883128
4 3 2 1702105883638
4 3 3 1702105884148
4 3 4 1702105884660
4 3 5 1702105885169
4 3 6 1702105885678
4 3 7 1702105886189
4 3 8 1702105886702
4 3 9 1702105887215
4 3 10 1702105887727
4 3 11 1702105888237
4 3 12 1702105888749
4 3 13 1702105889261
4 3 14 1702105889770
4 3 15 1702105890280
4 3 16 1702105890790
4 3 17 1702105891303
4 3 18 1702105891813
4 3 19 1702105892326
4 3 20 1702105892839
4 3 21 1702105893348
4 3 22 1702105893861
4 3 23 1702105894373
4 3 24 1702105894886
4 4 1 1702105895396
4 4 2 1702105895907
4 4 3 1702105896420
4 4 4 1702105896929
4 4 5 1702105897441
4 4 6 1702105897954
4 4 7 1702105898465
4 4 8 1702105898975
4 4 9 1702105899486
4 4 10 1702105899997
4 4 11 1702105900509
4 4 12 1702105901018
4 4 13 1702105901526
4 4 14 1702105902035
4 4 15 1702105902545
4 4 16 1702105903057
4 4 17 1702105903566
4 4 18 1702105904079
4 4 19 1702105904589
4 4 20 1702105905102
4 4 21 1702105905615
4 4 22 1702105906125
4 4 23 1702105906635
4 4 24 1702105907144
5 1 1 1702105907654
5 1 2 1702105908164
5 1 3 1702105908677
5 1 4 1702105909188
5 1 5 1702105909700
5 1 6 1702105910210
5 1 7 1702105910719
5 1 8 1702105911224
5 1 9 1702105911734
5 1 10 1702105912245
5 1 11 1702105912758
5 1 12 1702105913269
5 1 13 1702105913779
5 1 14 1702105914287
5 1 15 1702105914799
5 1 16 1702105915307
5 1 17 1702105915818
5 1 18 1702105916325
5 1 19 1702105916831
5 1 20 1702105917343
5 1 21 1702105917855
5 1 22 1702105918367
5 1 23 1702105918877
5 1 24 1702105919384
5 2 1 1702105919893
5 2 2 1702105920403
5 2 3 1702105920916
5 2 4 1702105921428
5 2 5 1702105921939
5 2 6 1702105922447
5 2 7 1702105922954
5 2 8 1702105923462
5 2 9 1702105923973
5 2 10 1702105924483
5 2 11 1702105924991
5 2 12 1702105925501
5 2 13 1702105926009
5 2 14 1702105926516
5 2 15 1702105927025
5 2 16 1702105927532
5 2 17 1702105928041
5 2 18 1702105928549
5 2 19 1702105929059
5 2 20 1702105929569
5 2 21 1702105930077
5 2 22 1702105930589
5 2 23 1702105931100
5 2 24 1702105931609
5 3 1 1702105932120
5 3 2 1702105932631
5 3 3 1702105933140
5 3 4 1702105933649
5 3 5 1702105934160
5 3 6 1702105934673
5 3 7 1702105935181
5 3 8 1702105935693
5 3 9 1702105936203
5 3 10 1702105936711
5 3 11 1702105937223
5 3 12 1702105937761
5 3 13 1702105938269
5 3 14 1702105938777
5 3 15 1702105939284
5 3 16 1702105939794
5 3 17 1702105940302
5 3 18 1702105940811
5 3 19 1702105941320
5 3 20 1702105941832
5 3 21 1702105942343
5 3 22 1702105942853
5 3 23 1702105943361
5 3 24 1702105943870
5 4 1 1702105944383
5 4 2 1702105944893
5 4 3 1702105945405
5 4 4 1702105945913
5 4 5 1702105946425
5 4 6 1702105946937
5 4 7 1702105947448
5 4 8 1702105947955
5 4 9 1702105948462
5 4 10 1702105948970
5 4 11 1702105949477
5 4 12 1702105949987
5 4 13 1702105950495
5 4 14 1702105951001
5 4 15 1702105951511
5 4 16 1702105952019
5 4 17 1702105952530
5 4 18 1702105953043
5 4 19 1702105953555
5 4 20 1702105954065
5 4 21 1702105954577
5 4 22 1702105955086
5 4 23 1702105955598
5 4 24 1702105956107
6 1 1 1702105956618
6 1 2 1702105957125
6 1 3 1702105957634
6 1 4 1702105958142
6 1 5 1702105958649
6 1 6 1702105959157
6 1 7 1702105959668
6 1 8 1702105960181
6 1 9 1702105960688
6 1 10 1702105961197
6 1 11 1702105961706
6 1 12 1702105962216
6 1 13 1702105962726
6 1 14 1702105963235
6 1 15 1702105963744
6 1 16 1702105964256
6 1 17 1702105964766
6 1 18 1702105965278
6 1 19 1702105965788
6 1 20 1702105966301
6 1 21 1702105966814
6 1 22 1702105967324
6 1 23 1702105967837
6 1 24 1702105968346
6 2 1 1702105968856
6 2 2 1702105969365
6 2 3 1702105969873
6 2 4 1702105970385
6 2 5 1702105970894
6 2 6 1702105971401
6 2 7 1702105971912
6 2 8 1702105972423
6 2 9 1702105972931
6 2 10 1702105973442
6 2 11 1702105973952
6 2 12 1702105974460
6 2 13 1702105974972
6 2 14 1702105975480
6 2 15 1702105975991
6 2 16 1702105976502
6 2 17 1702105977009
6 2 18 1702105977523
6 2 19 1702105978035
6 2 20 1702105978543
6 2 21 1702105979053
6 2 22 1702105979563
6 2 23 1702105980071
6 2 24 1702105980581
6 3 1 1702105981094
6 3 2 1702105981606
6 3 3 1702105982114
6 3 4 1702105982621
6 3 5 1702105983128
6 3 6 1702105983640
6 3 7 1702105984149
6 3 8 1702105984658
6 3 9 1702105985169
6 3 10 1702105985683
6 3 11 1702105986195
6 3 12 1702105986702
6 3 13 1702105987214
6 3 14 1702105987722
6 3 15 1702105988230
6 3 16 1702105988737
6 3 17 1702105989246
6 3 18 1702105989752
6 3 19 1702105990261
6 3 20 1702105990771
6 3 21 1702105991279
6 3 22 1702105991791
6 3 23 1702105992303
6 3 24 1702105992816
6 4 1 1702105993329
6 4 2 1702105993843
6 4 3 1702105994356
6 4 4 1702105994865
6 4 5 1702105995373
6 4 6 1702105995883
6 4 7 1702105996394
6 4 8 1702105996902
6 4 9 1702105997408
6 4 10 1702105997915
6 4 11 1702105998425
6 4 12 1702105998935
6 4 13 1702105999445
6 4 14 1702105999953
6 4 15 1702106000463
6 4 16 1702106000971
6 4 17 1702106001481
6 4 18 1702106001990
6 4 19 1702106002503
6 4 20 1702106003013
6 4 21 1702106003524
6 4 22 1702106004032
6 4 23 1702106004541
6 4 24 1702106005054
7 1 1 1702106005565
7 1 2 1702106006072
7 1 3 1702106006584
7 1 4 1702106007094
7 1 5 1702106007605
7 1 6 1702106008117
7 1 7 1702106008628
7 1 8 1702106009137
7 1 9 1702106009645
7 1 10 1702106010155
7 1 11 1702106010664
7 1 12 1702106011172
7 1 13 1702106011683
7 1 14 1702106012190
7 1 15 1702106012697
7 1 16 1702106013209
7 1 17 1702106013718
7 1 18 1702106014224
7 1 19 1702106014734
7 1 20 1702106015243
7 1 21 1702106015752
7 1 22 1702106016264
7 1 23 1702106016775
7 1 24 1702106017288
7 2 1 1702106017800
7 2 2 1702106018306
7 2 3 1702106018818
7 2 4 1702106019325
7 2 5 1702106019837
7 2 6 1702106020347
7 2 7 1702106020858
7 2 8 1702106021366
7 2 9 1702106021879
7 2 10 1702106022391
7 2 11 1702106022901
7 2 12 1702106023413
7 2 13 1702106023925
7 2 14 1702106024434
7 2 15 1702106024944
7 2 16 1702106025456
7 2 17 1702106025968
7 2 18 1702106026481
7 2 19 1702106026993
7 2 20 1702106027503
7 2 21 1702106028013
7 2 22 1702106028524
7 2 23 1702106029033
7 2 24 1702106029539
7 3 1 1702106030048
7 3 2 1702106030556
7 3 3 1702106031063
7 3 4 1702106031574
7 3 5 1702106032088
7 3 6 1702106032601
7 3 7 1702106033113
7 3 8 1702106033626
7 3 9 1702106034139
7 3 10 1702106034648
7 3 11 1702106035155
7 3 12 1702106035665
7 3 13 1702106036176
7 3 14 1702106036689
7 3 15 1702106037202
7 3 16 1702106037716
7 3 17 1702106038229
7 3 18 1702106038741
7 3 19 1702106039253
7 3 20 1702106039763
7 3 21 1702106040272
7 3 22 1702106040786
7 3 23 1702106041297
7 3 24 1702106041808
7 4 1 1702106042319
7 4 2 1702106042831
7 4 3 1702106043339
7 4 4 1702106043850
7 4 5 1702106044357
7 4 6 1702106044866
7 4 7 1702106045374
7 4 8 1702106045880
7 4 9 1702106046391
7 4 10 1702106046900
7 4 11 1702106047409
7 4 12 1702106047917
7 4 13 1702106048428
7 4 14 1702106048938
7 4 15 1702106049444
7 4 16 1702106049953
7 4 17 1702106050463
7 4 18 1702106050971
7 4 19 1702106051478
7 4 20 1702106051992
7 4 21 1702106052502
7 4 22 1702106053014
7 4 23 1702106053522
7 4 24 1702106054029
8 1 1 1702106054537
8 1 2 1702106055047
8 1 3 1702106055558
8 1 4 1702106056070
8 1 5 1702106056582
8 1 6 1702106057092
8 1 7 1702106057602
8 1 8 1702106058113
8 1 9 1702106058623
8 1 10 1702106059144
8 1 11 1702106059655
8 1 12 1702106060166
8 1 13 1702106060675
8 1 14 1702106061182
8 1 15 1702106061688
8 1 16 1702106062195
8 1 17 1702106062708
8 1 18 1702106063216
8 1 19 1702106063725
8 1 20 1702106064236
8 1 21 1702106064748
8 1 22 1702106065256
8 1 23 1702106065765
8 1 24 1702106066274
8 2 1 1702106066785
8 2 2 1702106067297
8 2 3 1702106067810
8 2 4 1702106068323
8 2 5 1702106068835
8 2 6 1702106069343
8 2 7 1702106069851
8 2 8 1702106070359
8 2 9 1702106070873
8 2 10 1702106071386
8 2 11 1702106071898
8 2 12 1702106072406
8 2 13 1702106072914
8 2 14 1702106073424
8 2 15 1702106073932
8 2 16 1702106074440
8 2 17 1702106074953
8 2 18 1702106075462
8 2 19 1702106075970
8 2 20 1702106076532
8 2 21 1702106077040
8 2 22 1702106077547
8 2 23 1702106078060
8 2 24 1702106078570
8 3 1 1702106079082
8 3 2 1702106079591
8 3 3 1702106080100
8 3 4 1702106080607
8 3 5 1702106081117
8 3 6 1702106081630
8 3 7 1702106082143
8 3 8 1702106082657
8 3 9 1702106083169
8 3 10 1702106083683
8 3 11 1702106084194
8 3 12 1702106084703
8 3 13 1702106085211
8 3 14 1702106085722
8 3 15 1702106086231
8 3 16 1702106086741
8 3 17 1702106087247
8 3 18 1702106087755
8 3 19 1702106088262
8 3 20 1702106088774
8 3 21 1702106089288
8 3 22 1702106089801
8 3 23 1702106090315
8 3 24 1702106090826
8 4 1 1702106091335
8 4 2 1702106091844
8 4 3 1702106092355
8 4 4 1702106092868
8 4 5 1702106093380
8 4 6 1702106093890
8 4 7 1702106094399
8 4 8 1702106094908
8 4 9 1702106095415
8 4 10 1702106095927
8 4 11 1702106096437
8 4 12 1702106096950
8 4 13 1702106097459
8 4 14 1702106097972
8 4 15 1702106098479
8 4 16 1702106098989
8 4 17 1702106099500
8 4 18 1702106100010
8 4 19 1702106100522
8 4 20 1702106101029
8 4 21 1702106101538
8 4 22 1702106102047
8 4 23 1702106102559
8 4 24 1702106103065
9 1 1 1702106103572
9 1 2 1702106104085
9 1 3 1702106104593
9 1 4 1702106105104
9 1 5 1702106105614
9 1 6 1702106106124
9 1 7 1702106106631
9 1 8 1702106107139
9 1 9 1702106107645
9 1 10 1702106108154
9 1 11 1702106108661
9 1 12 1702106109175
9 1 13 1702106109683
9 1 14 1702106110192
9 1 15 1702106110707
9 1 16 1702106111217
9 1 17 1702106111725
9 1 18 1702106112234
9 1 19 1702106112741
9 1 20 1702106113247
9 1 21 1702106113754
9 1 22 1702106114263
9 1 23 1702106114777
9 1 24 1702106115287
9 2 1 1702106115798
9 2 2 1702106116309
9 2 3 1702106116821
9 2 4 1702106117332
9 2 5 1702106117844
9 2 6 1702106118353
9 2 7 1702106118861
9 2 8 1702106119372
9 2 9 1702106119880
9 2 10 1702106120388
9 2 11 1702106120894
9 2 12 1702106121407
9 2 13 1702106121919
9 2 14 1702106122427
9 2 15 1702106122939
9 2 16 1702106123452
9 2 17 1702106123961
9 2 18 1702106124469
9 2 19 1702106124982
9 2 20 1702106125490
9 2 21 1702106125998
9 2 22 1702106126508
9 2 23 1702106127041
9 2 24 1702106127551
9 3 1 1702106128060
9 3 2 1702106128569
9 3 3 1702106129077
9 3 4 1702106129586
9 3 5 1702106130092
9 3 6 1702106130599
9 3 7 1702106131107
9 3 8 1702106131617
9 3 9 1702106132124
9 3 10 1702106132633
9 3 11 1702106133140
9 3 12 1702106133647
9 3 13 1702106134157
9 3 14 1702106134665
9 3 15 1702106135177
9 3 16 1702106135686
9 3 17 1702106136197
9 3 18 1702106136707
9 3 19 1702106137219
9 3 20 1702106137727
9 3 21 1702106138239
9 3 22 1702106138749
9 3 23 1702106139261
9 3 24 1702106139769
9 4 1 1702106140276
9 4 2 1702106140782
9 4 3 1702106141292
9 4 4 1702106141801
9 4 5 1702106142308
9 4 6 1702106142815
9 4 7 1702106143325
9 4 8 1702106143836
9 4 9 1702106144349
9 4 10 1702106144859
9 4 11 1702106145365
9 4 12 1702106145872
9 4 13 1702106146383
9 4 14 1702106146892
9 4 15 1702106147404
9 4 16 1702106147912
9 4 17 1702106148423
9 4 18 1702106148931
9 4 19 1702106149441
9 4 20 1702106149951
9 4 21 1702106150462
9 4 22 1702106150977
9 4 23 1702106151490
9 4 24 1702106151996
10 1 1 1702106152508
10 1 2 1702106153016
10 1 3 1702106153523
10 1 4 1702106154033
10 1 5 1702106154541
10 1 6 1702106155050
10 1 7 1702106155563
10 1 8 1702106156073
10 1 9 1702106156585
10 1 10 1702106157097
10 1 11 1702106157608
10 1 12 1702106158117
10 1 13 1702106158626
10 1 14 1702106159137
10 1 15 1702106159650
10 1 16 1702106160162
10 1 17 1702106160670
10 1 18 1702106161179
10 1 19 1702106161687
10 1 20 1702106162194
10 1 21 1702106162702
10 1 22 1702106163226
10 1 23 1702106163733
10 1 24 1702106164241
10 2 1 1702106164749
10 2 2 1702106165256
10 2 3 1702106165769
10 2 4 1702106166278
10 2 5 1702106166790
10 2 6 1702106167300
10 2 7 1702106167808
10 2 8 1702106168321
10 2 9 1702106168833
10 2 10 1702106169347
10 2 11 1702106169863
10 2 12 1702106170378
10 2 13 1702106170889
10 2 14 1702106171397
10 2 15 1702106171906
10 2 16 1702106172413
10 2 17 1702106172925
10 2 18 1702106173434
10 2 19 1702106173942
10 2 20 1702106174449
10 2 21 1702106174958
10 2 22 1702106175469
10 2 23 1702106175982
10 2 24 1702106176493
10 3 1 1702106177005
10 3 2 1702106177520
10 3 3 1702106178032
10 3 4 1702106178540
10 3 5 1702106179046
10 3 6 1702106179560
10 3 7 1702106180072
10 3 8 1702106180598
10 3 9 1702106181111
10 3 10 1702106181618
10 3 11 1702106182127
10 3 12 1702106182635
10 3 13 1702106183145
10 3 14 1702106183655
10 3 15 1702106184165
10 3 16 1702106184676
10 3 17 1702106185189
10 3 18 1702106185697
10 3 19 1702106186208
10 3 20 1702106186719
10 3 21 1702106187233
10 3 22 1702106187745
10 3 23 1702106188260
10 3 24 1702106188771
10 4 1 1702106189282
10 4 2 1702106189793
10 4 3 1702106190307
10 4 4 1702106190820
10 4 5 1702106191334
10 4 6 1702106191843
10 4 7 1702106192355
10 4 8 1702106192867
10 4 9 1702106193377
10 4 10 1702106193889
10 4 11 1702106194404
10 4 12 1702106194918
10 4 13 1702106195428
10 4 14 1702106195941
10 4 15 1702106196454
10 4 16 1702106196967
10 4 17 1702106197479
10 4 18 1702106197991
10 4 19 1702106198501
10 4 20 1702106199009
10 4 21 1702106199521
10 4 22 1702106200035
10 4 23 1702106200548
10 4 24 1702106201061
11 1 1 1702106201570
11 1 2 1702106202078
11 1 3 1702106202589
11 1 4 1702106203101
11 1 5 1702106203612
11 1 6 1702106204120
11 1 7 1702106204629
11 1 8 1702106205142
11 1 9 1702106205657
11 1 10 1702106206171
11 1 11 1702106206684
11 1 12 1702106207193
11 1 13 1702106207700
11 1 14 1702106208208
11 1 15 1702106208717
11 1 16 1702106209230
11 1 17 1702106209742
11 1 18 1702106210251
11 1 19 1702106210763
11 1 20 1702106211272
11 1 21 1702106211786
11 1 22 1702106212297
11 1 23 1702106212808
11 1 24 1702106213317
11 2 1 1702106213829
11 2 2 1702106214344
11 2 3 1702106214857
11 2 4 1702106215394
11 2 5 1702106215900
11 2 6 1702106216413
11 2 7 1702106216928
11 2 8 1702106217440
11 2 9 1702106217950
11 2 10 1702106218462
11 2 11 1702106218972
11 2 12 1702106219483
11 2 13 1702106219991
11 2 14 1702106220499
11 2 15 1702106221012
11 2 16 1702106221526
11 2 17 1702106222038
11 2 18 1702106222549
11 2 19 1702106223059
11 2 20 1702106223569
11 2 21 1702106224078
11 2 22 1702106224587
11 2 23 1702106225095
11 2 24 1702106225603
11 3 1 1702106226110
11 3 2 1702106226620
11 3 3 1702106227128
11 3 4 1702106227642
11 3 5 1702106228153
11 3 6 1702106228664
11 3 7 1702106229171
11 3 8 1702106229683
11 3 9 1702106230194
11 3 10 1702106230707
11 3 11 1702106231221
11 3 12 1702106231731
11 3 13 1702106232240
11 3 14 1702106232752
11 3 15 1702106233261
11 3 16 1702106233769
11 3 17 1702106234281
11 3 18 1702106234791
11 3 19 1702106235299
11 3 20 1702106235807
11 3 21 1702106236320
11 3 22 1702106236827
11 3 23 1702106237338
11 3 24 1702106237846
11 4 1 1702106238354
11 4 2 1702106238861
11 4 3 1702106239370
11 4 4 1702106239877
11 4 5 1702106240389
11 4 6 1702106240902
11 4 7 1702106241414
11 4 8 1702106241927
11 4 9 1702106242436
11 4 10 1702106242945
11 4 11 1702106243456
11 4 12 1702106243967
11 4 13 1702106244480
11 4 14 1702106244998
11 4 15 1702106245512
11 4 16 1702106246027
11 4 17 1702106246539
11 4 18 1702106247051
11 4 19 1702106247564
11 4 20 1702106248077
11 4 21 1702106248588
11 4 22 1702106249098
11 4 23 1702106249606
11 4 24 1702106250116
12 1 1 1702106250628
12 1 2 1702106251140
12 1 3 1702106251660
12 1 4 1702106252171
12 1 5 1702106252682
12 1 6 1702106253192
12 1 7 1702106253703
12 1 8 1702106254215
12 1 9 1702106254729
12 1 10 1702106255242
12 1 11 1702106255751
12 1 12 1702106256264
12 1 13 1702106256772
12 1 14 1702106257281
12 1 15 1702106257794
12 1 16 1702106258308
12 1 17 1702106258817
12 1 18 1702106259326
12 1 19 1702106259840
12 1 20 1702106260350
12 1 21 1702106260862
12 1 22 1702106261375
12 1 23 1702106261888
12 1 24 1702106262397
12 2 1 1702106262907
12 2 2 1702106263420
12 2 3 1702106263935
12 2 4 1702106264445
12 2 5 1702106264958
12 2 6 1702106265473
12 2 7 1702106265982
12 2 8 1702106266494
12 2 9 1702106267005
12 2 10 1702106267517
12 2 11 1702106268030
12 2 12 1702106268543
12 2 13 1702106269055
12 2 14 1702106269570
12 2 15 1702106270091
12 2 16 1702106270601
12 2 17 1702106271115
12 2 18 1702106271625
12 2 19 1702106272141
12 2 20 1702106272654
12 2 21 1702106273167
12 2 22 1702106273682
12 2 23 1702106274196
12 2 24 1702106274709
12 3 1 1702106275219
12 3 2 1702106275731
12 3 3 1702106276240
12 3 4 1702106276755
12 3 5 1702106277268
12 3 6 1702106277780
12 3 7 1702106278294
12 3 8 1702106278807
12 3 9 1702106279320
12 3 10 1702106279837
12 3 11 1702106280346
12 3 12 1702106280859
12 3 13 1702106281371
12 3 14 1702106281883
12 3 15 1702106282391
12 3 16 1702106282901
12 3 17 1702106283415
12 3 18 1702106283922
12 3 19 1702106284430
12 3 20 1702106284941
12 3 21 1702106285448
12 3 22 1702106285959
12 3 23 1702106286468
12 3 24 1702106286980
12 4 1 1702106287491
12 4 2 1702106288007
12 4 3 1702106288518
12 4 4 1702106289029
12 4 5 1702106289537
12 4 6 1702106290047
12 4 7 1702106290560
12 4 8 1702106291071
12 4 9 1702106291583
12 4 10 1702106292091
12 4 11 1702106292602
12 4 12 1702106293116
12 4 13 1702106293627
12 4 14 1702106294141
12 4 15 1702106294654
12 4 16 1702106295163
12 4 17 1702106295675
12 4 18 1702106296184
12 4 19 1702106296699
12 4 20 1702106297210
12 4 21 1702106297747
12 4 22 1702106298255
12 4 23 1702106298766
12 4 24 1702106299278
13 1 1 1702106299792
13 1 2 1702106300305
13 1 3 1702106300819
13 1 4 1702106301328
13 1 5 1702106301838
13 1 6 1702106302350
13 1 7 1702106302861
13 1 8 1702106303371
13 1 9 1702106303881
13 1 10 1702106304391
13 1 11 1702106304900
13 1 12 1702106305413
13 1 13 1702106305922
13 1 14 1702106306432
13 1 15 1702106306944
13 1 16 1702106307456
13 1 17 1702106308012
13 1 18 1702106308523
13 1 19 1702106309036
13 1 20 1702106309548
13 1 21 1702106310057
13 1 22 1702106310595
13 1 23 1702106311107
13 1 24 1702106311616
13 2 1 1702106312132
13 2 2 1702106312648
13 2 3 1702106313161
13 2 4 1702106313675
13 2 5 1702106314188
13 2 6 1702106314702
13 2 7 1702106315216
13 2 8 1702106315729
13 2 9 1702106316242
13 2 10 1702106316757
13 2 11 1702106317271
13 2 12 1702106317786
13 2 13 1702106318300
13 2 14 1702106318815
13 2 15 1702106319329
13 2 16 1702106319842
13 2 17 1702106320354
13 2 18 1702106320866
13 2 19 1702106321378
13 2 20 1702106321886
13 2 21 1702106322394
13 2 22 1702106322902
13 2 23 1702106323413
13 2 24 1702106323925
13 3 1 1702106324438
13 3 2 1702106324950
13 3 3 1702106325462
13 3 4 1702106325970
13 3 5 1702106326480
13 3 6 1702106326991
13 3 7 1702106327499
13 3 8 1702106328012
13 3 9 1702106328519
13 3 10 1702106329030
13 3 11 1702106329537
13 3 12 1702106330050
13 3 13 1702106330560
13 3 14 1702106331072
13 3 15 1702106331582
13 3 16 1702106332093
13 3 17 1702106332605
13 3 18 1702106333132
13 3 19 1702106333640
13 3 20 1702106334152
13 3 21 1702106334664
13 3 22 1702106335173
13 3 23 1702106335680
13 3 24 1702106336192
13 4 1 1702106336699
13 4 2 1702106337206
13 4 3 1702106337714
13 4 4 1702106338225
13 4 5 1702106338735
13 4 6 1702106339246
13 4 7 1702106339755
13 4 8 1702106340267
13 4 9 1702106340782
13 4 10 1702106341290
13 4 11 1702106341801
13 4 12 1702106342309
13 4 13 1702106342818
13 4 14 1702106343326
13 4 15 1702106343835
13 4 16 1702106344344
13 4 17 1702106344851
13 4 18 1702106345359
13 4 19 1702106345866
13 4 20 1702106346379
13 4 21 1702106346897
13 4 22 1702106347405
13 4 23 1702106347915
13 4 24 1702106348428
14 1 1 1702106348939
14 1 2 1702106349450
14 1 3 1702106349958
14 1 4 1702106350465
14 1 5 1702106350974
14 1 6 1702106351481
14 1 7 1702106351990
14 1 8 1702106352504
14 1 9 1702106353013
14 1 10 1702106353521
14 1 11 1702106354028
14 1 12 1702106354537
14 1 13 1702106355048
14 1 14 1702106355555
14 1 15 1702106356063
14 1 16 1702106356570
14 1 17 1702106357077
14 1 18 1702106357586
14 1 19 1702106358095
14 1 20 1702106358604
14 1 21 1702106359118
14 1 22 1702106359634
14 1 23 1702106360145
14 1 24 1702106360658
14 2 1 1702106361169
14 2 2 1702106361682
14 2 3 1702106362197
14 2 4 1702106362706
14 2 5 1702106363216
14 2 6 1702106363729
14 2 7 1702106364241
14 2 8 1702106364754
14 2 9 1702106365265
14 2 10 1702106365778
14 2 11 1702106366291
14 2 12 1702106366805
14 2 13 1702106367316
14 2 14 1702106367828
14 2 15 1702106368336
14 2 16 1702106368849
14 2 17 1702106369358
14 2 18 1702106369871
14 2 19 1702106370380
14 2 20 1702106370890
14 2 21 1702106371399
14 2 22 1702106371909
14 2 23 1702106372420
14 2 24 1702106372934
14 3 1 1702106373442
14 3 2 1702106373949
14 3 3 1702106374458
14 3 4 1702106374970
14 3 5 1702106375480
14 3 6 1702106375992
14 3 7 1702106376504
14 3 8 1702106377019
14 3 9 1702106377527
14 3 10 1702106378037
14 3 11 1702106378549
14 3 12 1702106379060
14 3 13 1702106379570
14 3 14 1702106380087
14 3 15 1702106380595
14 3 16 1702106381108
14 3 17 1702106381616
14 3 18 1702106382128
14 3 19 1702106382644
14 3 20 1702106383152
14 3 21 1702106383663
14 3 22 1702106384175
14 3 23 1702106384687
14 3 24 1702106385195
14 4 1 1702106385702
14 4 2 1702106386214
14 4 3 1702106386722
14 4 4 1702106387235
14 4 5 1702106387745
14 4 6 1702106388257
14 4 7 1702106388769
14 4 8 1702106389283
14 4 9 1702106389792
14 4 10 1702106390302
14 4 11 1702106390809
14 4 12 1702106391321
14 4 13 1702106391829
14 4 14 1702106392340
14 4 15 1702106392848
14 4 16 1702106393360
14 4 17 1702106393869
14 4 18 1702106394378
14 4 19 1702106394889
14 4 20 1702106395400
14 4 21 1702106395908
14 4 22 1702106396420
14 4 23 1702106396929
14 4 24 1702106397442
15 1 1 1702106397951
15 1 2 1702106398463
15 1 3 1702106398973
15 1 4 1702106399487
15 1 5 1702106399996
15 1 6 1702106400510
15 1 7 1702106401018
15 1 8 1702106401526
15 1 9 1702106402034
15 1 10 1702106402542
15 1 11 1702106403051
15 1 12 1702106403559
15 1 13 1702106404068
15 1 14 1702106404580
15 1 15 1702106405113
15 1 16 1702106405622
15 1 17 1702106406130
15 1 18 1702106406638
15 1 19 1702106407147
15 1 20 1702106407659
15 1 21 1702106408167
15 1 22 1702106408677
15 1 23 1702106409184
15 1 24 1702106409694
15 2 1 1702106410204
15 2 2 1702106410714
15 2 3 1702106411226
15 2 4 1702106411740
15 2 5 1702106412248
15 2 6 1702106412761
15 2 7 1702106413270
15 2 8 1702106413783
15 2 9 1702106414291
15 2 10 1702106414805
15 2 11 1702106415314
15 2 12 1702106415822
15 2 13 1702106416334
15 2 14 1702106416849
15 2 15 1702106417362
15 2 16 1702106417873
15 2 17 1702106418381
15 2 18 1702106418890
15 2 19 1702106419399
15 2 20 1702106419909
15 2 21 1702106420421
15 2 22 1702106420933
15 2 23 1702106421444
15 2 24 1702106421957
15 3 1 1702106422471
15 3 2 1702106422979
15 3 3 1702106423486
15 3 4 1702106423995
15 3 5 1702106424502
15 3 6 1702106425011
15 3 7 1702106425522
15 3 8 1702106426033
15 3 9 1702106426548
15 3 10 1702106427060
15 3 11 1702106427570
15 3 12 1702106428080
15 3 13 1702106428587
15 3 14 1702106429100
15 3 15 1702106429610
15 3 16 1702106430124
15 3 17 1702106430634
15 3 18 1702106431144
15 3 19 1702106431657
15 3 20 1702106432168
15 3 21 1702106432682
15 3 22 1702106433196
15 3 23 1702106433710
15 3 24 1702106434222
15 4 1 1702106434730
15 4 2 1702106435245
15 4 3 1702106435758
15 4 4 1702106436270
15 4 5 1702106436784
15 4 6 1702106437294
15 4 7 1702106437807
15 4 8 1702106438336
15 4 9 1702106438848
15 4 10 1702106439363
15 4 11 1702106439879
15 4 12 1702106440393
15 4 13 1702106440906
15 4 14 1702106441420
15 4 15 1702106441934
15 4 16 1702106442447
15 4 17 1702106442961
15 4 18 1702106443475
15 4 19 1702106443988
15 4 20 1702106444500
15 4 21 1702106445009
15 4 22 1702106445522
15 4 23 1702106446031
15 4 24 1702106446540
16 1 1 1702106447055
16 1 2 1702106447569
16 1 3 1702106448078
16 1 4 1702106448590
16 1 5 1702106449105
16 1 6 1702106449615
16 1 7 1702106450125
16 1 8 1702106450638
16 1 9 1702106451150
16 1 10 1702106451664
16 1 11 1702106452178
16 1 12 1702106452697
16 1 13 1702106453205
16 1 14 1702106453716
16 1 15 1702106454228
16 1 16 1702106454742
16 1 17 1702106455252
16 1 18 1702106455764
16 1 19 1702106456279
16 1 20 1702106456793
16 1 21 1702106457308
16 1 22 1702106457822
16 1 23 1702106458335
16 1 24 1702106458845
16 2 1 1702106459359
16 2 2 1702106459867
16 2 3 1702106460380
16 2 4 1702106460895
16 2 5 1702106461409
16 2 6 1702106461919
16 2 7 1702106462428
16 2 8 1702106462938
16 2 9 1702106463448
16 2 10 1702106463958
16 2 11 1702106464466
16 2 12 1702106464979
16 2 13 1702106465488
16 2 14 1702106465996
16 2 15 1702106466506
16 2 16 1702106467021
16 2 17 1702106467531
16 2 18 1702106468043
16 2 19 1702106468559
16 2 20 1702106469075
16 2 21 1702106469589
16 2 22 1702106470100
16 2 23 1702106470609
16 2 24 1702106471121
16 3 1 1702106471636
16 3 2 1702106472148
16 3 3 1702106472660
16 3 4 1702106473169
16 3 5 1702106473684
16 3 6 1702106474199
16 3 7 1702106474709
16 3 8 1702106475223
16 3 9 1702106475735
16 3 10 1702106476271
16 3 11 1702106476787
16 3 12 1702106477300
16 3 13 1702106477814
16 3 14 1702106478326
16 3 15 1702106478841
16 3 16 1702106479352
16 3 17 1702106479864
16 3 18 1702106480380
16 3 19 1702106480894
16 3 20 1702106481403
16 3 21 1702106481916
16 3 22 1702106482430
16 3 23 1702106482945
16 3 24 1702106483460
16 4 1 1702106483974
16 4 2 1702106484487
16 4 3 1702106485002
16 4 4 1702106485512
16 4 5 1702106486021
16 4 6 1702106486533
16 4 7 1702106487049
16 4 8 1702106487562
16 4 9 1702106488076
16 4 10 1702106488590
16 4 11 1702106489104
16 4 12 1702106489618
16 4 13 1702106490131
16 4 14 1702106490645
16 4 15 1702106491159
16 4 16 1702106491673
16 4 17 1702106492187
16 4 18 1702106492703
16 4 19 1702106493217
16 4 20 1702106493731
16 4 21 1702106494246
16 4 22 1702106494761
16 4 23 1702106495277
16 4 24 1702106495792
17 1 1 1702106496307
17 1 2 1702106496823
17 1 3 1702106497337
17 1 4 1702106497849
17 1 5 1702106498360
17 1 6 1702106498873
17 1 7 1702106499386
17 1 8 1702106499900
17 1 9 1702106500416
17 1 10 1702106500926
17 1 11 1702106501438
17 1 12 1702106501944
17 1 13 1702106502453
17 1 14 1702106502963
17 1 15 1702106503480
17 1 16 1702106503993
17 1 17 1702106504508
17 1 18 1702106505023
17 1 19 1702106505534
17 1 20 1702106506047
17 1 21 1702106506557
17 1 22 1702106507069
17 1 23 1702106507580
17 1 24 1702106508092
17 2 1 1702106508602
17 2 2 1702106509116
17 2 3 1702106509629
17 2 4 1702106510144
17 2 5 1702106510658
17 2 6 1702106511173
17 2 7 1702106511688
17 2 8 1702106512202
17 2 9 1702106512714
17 2 10 1702106513230
17 2 11 1702106513744
17 2 12 1702106514257
17 2 13 1702106514772
17 2 14 1702106515285
17 2 15 1702106515799
17 2 16 1702106516314
17 2 17 1702106516826
17 2 18 1702106517334
17 2 19 1702106517844
17 2 20 1702106518352
17 2 21 1702106518863
17 2 22 1702106519377
17 2 23 1702106519890
17 2 24 1702106520398
17 3 1 1702106520911
17 3 2 1702106521426
17 3 3 1702106521936
17 3 4 1702106522449
17 3 5 1702106522958
17 3 6 1702106523468
17 3 7 1702106523980
17 3 8 1702106524492
17 3 9 1702106525006
17 3 10 1702106525520
17 3 11 1702106526029
17 3 12 1702106526542
17 3 13 1702106527054
17 3 14 1702106527568
17 3 15 1702106528081
17 3 16 1702106528593
17 3 17 1702106529108
17 3 18 1702106529623
17 3 19 1702106530137
17 3 20 1702106530654
17 3 21 1702106531167
17 3 22 1702106531681
17 3 23 1702106532192
17 3 24 1702106532703
17 4 1 1702106533213
17 4 2 1702106533724
17 4 3 1702106534238
17 4 4 1702106534755
17 4 5 1702106535271
17 4 6 1702106535781
17 4 7 1702106536296
17 4 8 1702106536811
17 4 9 1702106537324
17 4 10 1702106537838
17 4 11 1702106538346
17 4 12 1702106538854
17 4 13 1702106539390
17 4 14 1702106539898
17 4 15 1702106540409
17 4 16 1702106540923
17 4 17 1702106541432
17 4 18 1702106541941
17 4 19 1702106542454
17 4 20 1702106542962
17 4 21 1702106543473
17 4 22 1702106543982
17 4 23 1702106544491
17 4 24 1702106544999
18 1 1 1702106545511
18 1 2 1702106546021
18 1 3 1702106546534
18 1 4 1702106547045
18 1 5 1702106547561
18 1 6 1702106548071
18 1 7 1702106548583
18 1 8 1702106549098
18 1 9 1702106549611
18 1 10 1702106550127
18 1 11 1702106550642
18 1 12 1702106551153
18 1 13 1702106551664
18 1 14 1702106552176
18 1 15 1702106552689
18 1 16 1702106553203
18 1 17 1702106553717
18 1 18 1702106554231
18 1 19 1702106554742
18 1 20 1702106555256
18 1 21 1702106555769
18 1 22 1702106556286
18 1 23 1702106556800
18 1 24 1702106557313
18 2 1 1702106557827
18 2 2 1702106558340
18 2 3 1702106558853
18 2 4 1702106559363
18 2 5 1702106559876
18 2 6 1702106560391
18 2 7 1702106560907
18 2 8 1702106561418
18 2 9 1702106561926
18 2 10 1702106562440
18 2 11 1702106562953
18 2 12 1702106563469
18 2 13 1702106563981
18 2 14 1702106564492
18 2 15 1702106565006
18 2 16 1702106565520
18 2 17 1702106566035
18 2 18 1702106566548
18 2 19 1702106567058
18 2 20 1702106567573
18 2 21 1702106568087
18 2 22 1702106568602
18 2 23 1702106569117
18 2 24 1702106569631
18 3 1 1702106570144
18 3 2 1702106570654
18 3 3 1702106571169
18 3 4 1702106571684
18 3 5 1702106572194
18 3 6 1702106572704
18 3 7 1702106573215
18 3 8 1702106573727
18 3 9 1702106574242
18 3 10 1702106574752
18 3 11 1702106575259
18 3 12 1702106575772
18 3 13 1702106576286
18 3 14 1702106576799
18 3 15 1702106577313
18 3 16 1702106577825
18 3 17 1702106578337
18 3 18 1702106578851
18 3 19 1702106579367
18 3 20 1702106579879
18 3 21 1702106580390
18 3 22 1702106580906
18 3 23 1702106581414
18 3 24 1702106581929
18 4 1 1702106582442
18 4 2 1702106582955
18 4 3 1702106583465
18 4 4 1702106583974
18 4 5 1702106584486
18 4 6 1702106584997
18 4 7 1702106585512
18 4 8 1702106586020
18 4 9 1702106586531
18 4 10 1702106587041
18 4 11 1702106587554
18 4 12 1702106588065
18 4 13 1702106588577
18 4 14 1702106589095
18 4 15 1702106589610
18 4 16 1702106590126
18 4 17 1702106590641
18 4 18 1702106591156
18 4 19 1702106591670
18 4 20 1702106592184
18 4 21 1702106592702
18 4 22 1702106593218
18 4 23 1702106593730
18 4 24 1702106594242
19 1 1 1702106594753
19 1 2 1702106595271
19 1 3 1702106595780
19 1 4 1702106596290
19 1 5 1702106596804
19 1 6 1702106597314
19 1 7 1702106597828
19 1 8 1702106598342
19 1 9 1702106598856
19 1 10 1702106599370
19 1 11 1702106599882
19 1 12 1702106600393
19 1 13 1702106600911
19 1 14 1702106601426
19 1 15 1702106601942
19 1 16 1702106602457
19 1 17 1702106602972
19 1 18 1702106603486
19 1 19 1702106604003
19 1 20 1702106604519
19 1 21 1702106605034
19 1 22 1702106605548
19 1 23 1702106606062
19 1 24 1702106606576
19 2 1 1702106607087
19 2 2 1702106607602
19 2 3 1702106608115
19 2 4 1702106608629
19 2 5 1702106609144
19 2 6 1702106609655
19 2 7 1702106610166
19 2 8 1702106610682
19 2 9 1702106611196
19 2 10 1702106611714
19 2 11 1702106612234
19 2 12 1702106612743
19 2 13 1702106613261
19 2 14 1702106613771
19 2 15 1702106614283
19 2 16 1702106614798
19 2 17 1702106615313
19 2 18 1702106615825
19 2 19 1702106616340
19 2 20 1702106616854
19 2 21 1702106617368
19 2 22 1702106617880
19 2 23 1702106618398
19 2 24 1702106618914
19 3 1 1702106619430
19 3 2 1702106619946
19 3 3 1702106620457
19 3 4 1702106620971
19 3 5 1702106621485
19 3 6 1702106622000
19 3 7 1702106622516
19 3 8 1702106623027
19 3 9 1702106623541
19 3 10 1702106624053
19 3 11 1702106624563
19 3 12 1702106625077
19 3 13 1702106625590
19 3 14 1702106626105
19 3 15 1702106626620
19 3 16 1702106627132
19 3 17 1702106627646
19 3 18 1702106628161
19 3 19 1702106628692
19 3 20 1702106629205
19 3 21 1702106629718
19 3 22 1702106630232
19 3 23 1702106630744
19 3 24 1702106631255
19 4 1 1702106631768
19 4 2 1702106632280
19 4 3 1702106632793
19 4 4 1702106633310
19 4 5 1702106633818
19 4 6 1702106634330
19 4 7 1702106634845
19 4 8 1702106635361
19 4 9 1702106635876
19 4 10 1702106636389
19 4 11 1702106636929
19 4 12 1702106637453
19 4 13 1702106637964
19 4 14 1702106638477
19 4 15 1702106638989
19 4 16 1702106639500
19 4 17 1702106640010
19 4 18 1702106640522
19 4 19 1702106641035
19 4 20 1702106641549
19 4 21 1702106642058
19 4 22 1702106642568
19 4 23 1702106643079
19 4 24 1702106643590
20 1 1 1702106644105
20 1 2 1702106644614
20 1 3 1702106645124
20 1 4 1702106645636
20 1 5 1702106646146
20 1 6 1702106646661
20 1 7 1702106647173
20 1 8 1702106647681
20 1 9 1702106648189
20 1 10 1702106648698
20 1 11 1702106649207
20 1 12 1702106649715
20 1 13 1702106650223
20 1 14 1702106650733
20 1 15 1702106651243
20 1 16 1702106651757
20 1 17 1702106652274
20 1 18 1702106652787
20 1 19 1702106653297
20 1 20 1702106653810
20 1 21 1702106654320
20 1 22 1702106654833
20 1 23 1702106655341
20 1 24 1702106655854
20 2 1 1702106656365
20 2 2 1702106656882
20 2 3 1702106657396
20 2 4 1702106657907
20 2 5 1702106658418
20 2 6 1702106658927
20 2 7 1702106659437
20 2 8 1702106659946
20 2 9 1702106660455
20 2 10 1702106660968
20 2 11 1702106661478
20 2 12 1702106661988
20 2 13 1702106662497
20 2 14 1702106663005
20 2 15 1702106663513
20 2 16 1702106664028
20 2 17 1702106664536
20 2 18 1702106665049
20 2 19 1702106665558
20 2 20 1702106666066
20 2 21 1702106666578
20 2 22 1702106667093
20 2 23 1702106667602
20 2 24 1702106668110
20 3 1 1702106668620
20 3 2 1702106669130
20 3 3 1702106669638
20 3 4 1702106670153
20 3 5 1702106670662
20 3 6 1702106671175
20 3 7 1702106671688
20 3 8 1702106672208
20 3 9 1702106672718
20 3 10 1702106673233
20 3 11 1702106673741
20 3 12 1702106674255
20 3 13 1702106674763
20 3 14 1702106675279
20 3 15 1702106675788
20 3 16 1702106676301
20 3 17 1702106676811
20 3 18 1702106677326
20 3 19 1702106677838
20 3 20 1702106678346
20 3 21 1702106678856
20 3 22 1702106679369
20 3 23 1702106679879
20 3 24 1702106680393
20 4 1 1702106680903
20 4 2 1702106681417
20 4 3 1702106681925
20 4 4 1702106682438
20 4 5 1702106682947
20 4 6 1702106683457
20 4 7 1702106683967
20 4 8 1702106684477
20 4 9 1702106684988
20 4 10 1702106685502
20 4 11 1702106686010
20 4 12 1702106686525
20 4 13 1702106687033
20 4 14 1702106687547
20 4 15 1702106688057
20 4 16 1702106688566
20 4 17 1702106689074
20 4 18 1702106689587
20 4 19 1702106690095
20 4 20 1702106690602
20 4 21 1702106691110
20 4 22 1702106691621
20 4 23 1702106692138
20 4 24 1702106692654
21 1 1 1702106693165
21 1 2 1702106693678
21 1 3 1702106694192
21 1 4 1702106694708
21 1 5 1702106695224
21 1 6 1702106695736
21 1 7 1702106696246
21 1 8 1702106696760
21 1 9 1702106697270
21 1 10 1702106697785
21 1 11 1702106698299
21 1 12 1702106698815
21 1 13 1702106699331
21 1 14 1702106699848
21 1 15 1702106700361
21 1 16 1702106700878
21 1 17 1702106701389
21 1 18 1702106701897
21 1 19 1702106702407
21 1 20 1702106702920
21 1 21 1702106703431
21 1 22 1702106703940
21 1 23 1702106704454
21 1 24 1702106704963
21 2 1 1702106705472
21 2 2 1702106705985
21 2 3 1702106706494
21 2 4 1702106707002
21 2 5 1702106707521
21 2 6 1702106708030
21 2 7 1702106708542
21 2 8 1702106709053
21 2 9 1702106709569
21 2 10 1702106710086
21 2 11 1702106710600
21 2 12 1702106711111
21 2 13 1702106711625
21 2 14 1702106712135
21 2 15 1702106712649
21 2 16 1702106713163
21 2 17 1702106713673
21 2 18 1702106714187
21 2 19 1702106714696
21 2 20 1702106715210
21 2 21 1702106715724
21 2 22 1702106716233
21 2 23 1702106716746
21 2 24 1702106717255
21 3 1 1702106717765
21 3 2 1702106718278
21 3 3 1702106718793
21 3 4 1702106719309
21 3 5 1702106719826
21 3 6 1702106720341
21 3 7 1702106720854
21 3 8 1702106721369
21 3 9 1702106721878
21 3 10 1702106722391
21 3 11 1702106722905
21 3 12 1702106723416
21 3 13 1702106723963
21 3 14 1702106724476
21 3 15 1702106724990
21 3 16 1702106725506
21 3 17 1702106726040
21 3 18 1702106726554
21 3 19 1702106727070
21 3 20 1702106727584
21 3 21 1702106728098
21 3 22 1702106728613
21 3 23 1702106729128
21 3 24 1702106729645
21 4 1 1702106730156
21 4 2 1702106730674
21 4 3 1702106731189
21 4 4 1702106731703
21 4 5 1702106732211
21 4 6 1702106732726
21 4 7 1702106733235
21 4 8 1702106733750
21 4 9 1702106734259
21 4 10 1702106734775
21 4 11 1702106735291
21 4 12 1702106735810
21 4 13 1702106736320
21 4 14 1702106736834
21 4 15 1702106737350
21 4 16 1702106737866
21 4 17 1702106738380
21 4 18 1702106738895
21 4 19 1702106739404
21 4 20 1702106739919
21 4 21 1702106740435
21 4 22 1702106740945
21 4 23 1702106741453
21 4 24 1702106741965
22 1 1 1702106742478
22 1 2 1702106742992
22 1 3 1702106743501
22 1 4 1702106744016
22 1 5 1702106744529
22 1 6 1702106745039
22 1 7 1702106745550
22 1 8 1702106746063
22 1 9 1702106746574
22 1 10 1702106747086
22 1 11 1702106747596
22 1 12 1702106748104
22 1 13 1702106748615
22 1 14 1702106749126
22 1 15 1702106749639
22 1 16 1702106750148
22 1 17 1702106750658
22 1 18 1702106751174
22 1 19 1702106751690
22 1 20 1702106752205
22 1 21 1702106752736
22 1 22 1702106753248
22 1 23 1702106753760
22 1 24 1702106754271
22 2 1 1702106754781
22 2 2 1702106755292
22 2 3 1702106755804
22 2 4 1702106756317
22 2 5 1702106756825
22 2 6 1702106757340
22 2 7 1702106757852
22 2 8 1702106758374
22 2 9 1702106758886
22 2 10 1702106759395
22 2 11 1702106759907
22 2 12 1702106760421
22 2 13 1702106760935
22 2 14 1702106761452
22 2 15 1702106761963
22 2 16 1702106762474
22 2 17 1702106762990
22 2 18 1702106763501
22 2 19 1702106764016
22 2 20 1702106764526
22 2 21 1702106765035
22 2 22 1702106765546
22 2 23 1702106766055
22 2 24 1702106766568
22 3 1 1702106767076
22 3 2 1702106767588
22 3 3 1702106768100
22 3 4 1702106768615
22 3 5 1702106769127
22 3 6 1702106769642
22 3 7 1702106770153
22 3 8 1702106770661
22 3 9 1702106771174
22 3 10 1702106771690
22 3 11 1702106772200
22 3 12 1702106772716
22 3 13 1702106773232
22 3 14 1702106773750
22 3 15 1702106774264
22 3 16 1702106774773
22 3 17 1702106775289
22 3 18 1702106775800
22 3 19 1702106776310
22 3 20 1702106776829
22 3 21 1702106777343
22 3 22 1702106777858
22 3 23 1702106778372
22 3 24 1702106778884
22 4 1 1702106779394
22 4 2 1702106779911
22 4 3 1702106780422
22 4 4 1702106780932
22 4 5 1702106781442
22 4 6 1702106781953
22 4 7 1702106782463
22 4 8 1702106782974
22 4 9 1702106783483
22 4 10 1702106783992
22 4 11 1702106784511
22 4 12 1702106785026
22 4 13 1702106785539
22 4 14 1702106786051
22 4 15 1702106786562
22 4 16 1702106787073
22 4 17 1702106787584
22 4 18 1702106788094
22 4 19 1702106788604
22 4 20 1702106789115
22 4 21 1702106789623
22 4 22 1702106790135
22 4 23 1702106790647
22 4 24 1702106791157
23 1 1 1702106791670
23 1 2 1702106792180
23 1 3 1702106792694
23 1 4 1702106793204
23 1 5 1702106793721
23 1 6 1702106794232
23 1 7 1702106794745
23 1 8 1702106795254
23 1 9 1702106795763
23 1 10 1702106796272
23 1 11 1702106796780
23 1 12 1702106797292
23 1 13 1702106797807
23 1 14 1702106798318
23 1 15 1702106798828
23 1 16 1702106799339
23 1 17 1702106799856
23 1 18 1702106800373
23 1 19 1702106800887
23 1 20 1702106801397
23 1 21 1702106801905
23 1 22 1702106802415
23 1 23 1702106802926
23 1 24 1702106803437
23 2 1 1702106803947
23 2 2 1702106804459
23 2 3 1702106804968
23 2 4 1702106805476
23 2 5 1702106805986
23 2 6 1702106806492
23 2 7 1702106807003
23 2 8 1702106807512
23 2 9 1702106808020
23 2 10 1702106808529
23 2 11 1702106809045
23 2 12 1702106809554
23 2 13 1702106810068
23 2 14 1702106810578
23 2 15 1702106811091
23 2 16 1702106811617
23 2 17 1702106812130
23 2 18 1702106812645
23 2 19 1702106813159
23 2 20 1702106813674
23 2 21 1702106814187
23 2 22 1702106814703
23 2 23 1702106815219
23 2 24 1702106815729
23 3 1 1702106816239
23 3 2 1702106816749
23 3 3 1702106817259
23 3 4 1702106817772
23 3 5 1702106818283
23 3 6 1702106818794
23 3 7 1702106819309
23 3 8 1702106819820
23 3 9 1702106820331
23 3 10 1702106820847
23 3 11 1702106821361
23 3 12 1702106821872
23 3 13 1702106822381
23 3 14 1702106822890
23 3 15 1702106823405
23 3 16 1702106823913
23 3 17 1702106824428
23 3 18 1702106824942
23 3 19 1702106825454
23 3 20 1702106825964
23 3 21 1702106826473
23 3 22 1702106826985
23 3 23 1702106827493
23 3 24 1702106828008
23 4 1 1702106828521
23 4 2 1702106829030
23 4 3 1702106829540
23 4 4 1702106830050
23 4 5 1702106830560
23 4 6 1702106831071
23 4 7 1702106831582
23 4 8 1702106832093
23 4 9 1702106832608
23 4 10 1702106833117
23 4 11 1702106833629
23 4 12 1702106834137
23 4 13 1702106834647
23 4 14 1702106835158
23 4 15 1702106835668
23 4 16 1702106836181
23 4 17 1702106836698
23 4 18 1702106837208
23 4 19 1702106837721
23 4 20 1702106838235
23 4 21 1702106838748
23 4 22 1702106839257
23 4 23 1702106839769
23 4 24 1702106840279
24 1 1 1702106840796
24 1 2 1702106841307
24 1 3 1702106841818
24 1 4 1702106842333
24 1 5 1702106842846
24 1 6 1702106843358
24 1 7 1702106843872
24 1 8 1702106844384
24 1 9 1702106844900
24 1 10 1702106845414
24 1 11 1702106845928
24 1 12 1702106846444
24 1 13 1702106846959
24 1 14 1702106847474
24 1 15 1702106847990
24 1 16 1702106848501
24 1 17 1702106849017
24 1 18 1702106849532
24 1 19 1702106850045
24 1 20 1702106850555
24 1 21 1702106851065
24 1 22 1702106851580
24 1 23 1702106852096
24 1 24 1702106852608
24 2 1 1702106853120
24 2 2 1702106853636
24 2 3 1702106854151
24 2 4 1702106854668
24 2 5 1702106855183
24 2 6 1702106855701
24 2 7 1702106856215
24 2 8 1702106856728
24 2 9 1702106857243
24 2 10 1702106857760
24 2 11 1702106858272
24 2 12 1702106858786
24 2 13 1702106859301
24 2 14 1702106859817
24 2 15 1702106860331
24 2 16 1702106860844
24 2 17 1702106861352
24 2 18 1702106861861
24 2 19 1702106862374
24 2 20 1702106862890
24 2 21 1702106863400
24 2 22 1702106863916
24 2 23 1702106864430
24 2 24 1702106864945
24 3 1 1702106865458
24 3 2 1702106865967
24 3 3 1702106866483
24 3 4 1702106866999
24 3 5 1702106867515
24 3 6 1702106868026
24 3 7 1702106868541
24 3 8 1702106869052
24 3 9 1702106869566
24 3 10 1702106870077
24 3 11 1702106870591
24 3 12 1702106871105
24 3 13 1702106871623
24 3 14 1702106872136
24 3 15 1702106872651
24 3 16 1702106873164
24 3 17 1702106873682
24 3 18 1702106874199
24 3 19 1702106874710
24 3 20 1702106875263
24 3 21 1702106875772
24 3 22 1702106876284
24 3 23 1702106876796
24 3 24 1702106877311
24 4 1 1702106877829
24 4 2 1702106878343
24 4 3 1702106878860
24 4 4 1702106879377
24 4 5 1702106879892
24 4 6 1702106880407
24 4 7 1702106880918
24 4 8 1702106881443
24 4 9 1702106881957
24 4 10 1702106882467
24 4 11 1702106882982
24 4 12 1702106883497
24 4 13 1702106884008
24 4 14 1702106884517
24 4 15 1702106885027
24 4 16 1702106885537
24 4 17 1702106886052
24 4 18 1702106886562
24 4 19 1702106887075
24 4 20 1702106887589
24 4 21 1702106888097
24 4 22 1702106888611
24 4 23 1702106889120
24 4 24 1702106889629
25 1 1 1702106890140
25 1 2 1702106890649
25 1 3 1702106891162
25 1 4 1702106891673
25 1 5 1702106892185
25 1 6 1702106892700
25 1 7 1702106893211
25 1 8 1702106893725
25 1 9 1702106894234
25 1 10 1702106894748
25 1 11 1702106895258
25 1 12 1702106895770
25 1 13 1702106896283
25 1 14 1702106896793
25 1 15 1702106897304
25 1 16 1702106897820
25 1 17 1702106898333
25 1 18 1702106898846
25 1 19 1702106899358
25 1 20 1702106899873
25 1 21 1702106900388
25 1 22 1702106900903
25 1 23 1702106901416
25 1 24 1702106901931
25 2 1 1702106902447
25 2 2 1702106902962
25 2 3 1702106903474
25 2 4 1702106903988
25 2 5 1702106904505
25 2 6 1702106905020
25 2 7 1702106905536
25 2 8 1702106906053
25 2 9 1702106906567
25 2 10 1702106907082
25 2 11 1702106907593
25 2 12 1702106908107
25 2 13 1702106908618
25 2 14 1702106909128
25 2 15 1702106909644
25 2 16 1702106910158
25 2 17 1702106910671
25 2 18 1702106911188
25 2 19 1702106911704
25 2 20 1702106912220
25 2 21 1702106912735
25 2 22 1702106913251
25 2 23 1702106913760
25 2 24 1702106914270
25 3 1 1702106914781
25 3 2 1702106915297
25 3 3 1702106915811
25 3 4 1702106916328
25 3 5 1702106916838
25 3 6 1702106917364
25 3 7 1702106917879
25 3 8 1702106918394
25 3 9 1702106918935
25 3 10 1702106919450
25 3 11 1702106919966
25 3 12 1702106920482
25 3 13 1702106920992
25 3 14 1702106921506
25 3 15 1702106922020
25 3 16 1702106922536
25 3 17 1702106923052
25 3 18 1702106923569
25 3 19 1702106924114
25 3 20 1702106924629
25 3 21 1702106925166
25 3 22 1702106925681
25 3 23 1702106926195
25 3 24 1702106926712
25 4 1 1702106927227
25 4 2 1702106927739
25 4 3 1702106928255
25 4 4 1702106928769
25 4 5 1702106929279
25 4 6 1702106929798
25 4 7 1702106930314
25 4 8 1702106930830
25 4 9 1702106931345
25 4 10 1702106931862
25 4 11 1702106932373
25 4 12 1702106932881
25 4 13 1702106933391
25 4 14 1702106933904
25 4 15 1702106934418
25 4 16 1702106934938
25 4 17 1702106935455
25 4 18 1702106935968
25 4 19 1702106936484
25 4 20 1702106936994
25 4 21 1702106937507
25 4 22 1702106938020
25 4 23 1702106938534
25 4 24 1702106939052
26 1 1 1702106939562
26 1 2 1702106940072
26 1 3 1702106940586
26 1 4 1702106941096
26 1 5 1702106941608
26 1 6 1702106942123
26 1 7 1702106942642
26 1 8 1702106943159
26 1 9 1702106943672
26 1 10 1702106944181
26 1 11 1702106944689
26 1 12 1702106945203
26 1 13 1702106945719
26 1 14 1702106946234
26 1 15 1702106946750
26 1 16 1702106947263
26 1 17 1702106947772
26 1 18 1702106948285
26 1 19 1702106948794
26 1 20 1702106949307
26 1 21 1702106949818
26 1 22 1702106950334
26 1 23 1702106950848
26 1 24 1702106951366
26 2 1 1702106951882
26 2 2 1702106952394
26 2 3 1702106952906
26 2 4 1702106953421
26 2 5 1702106953933
26 2 6 1702106954450
26 2 7 1702106954965
26 2 8 1702106955482
26 2 9 1702106955992
26 2 10 1702106956503
26 2 11 1702106957018
26 2 12 1702106957527
26 2 13 1702106958054
26 2 14 1702106958565
26 2 15 1702106959073
26 2 16 1702106959613
26 2 17 1702106960127
26 2 18 1702106960639
26 2 19 1702106961148
26 2 20 1702106961657
26 2 21 1702106962169
26 2 22 1702106962679
26 2 23 1702106963188
26 2 24 1702106963697
26 3 1 1702106964212
26 3 2 1702106964722
26 3 3 1702106965237
26 3 4 1702106965746
26 3 5 1702106966260
26 3 6 1702106966769
26 3 7 1702106967284
26 3 8 1702106967793
26 3 9 1702106968302
26 3 10 1702106968810
26 3 11 1702106969323
26 3 12 1702106969832
26 3 13 1702106970341
26 3 14 1702106970851
26 3 15 1702106971361
26 3 16 1702106971872
26 3 17 1702106972382
26 3 18 1702106972892
26 3 19 1702106973402
26 3 20 1702106973914
26 3 21 1702106974421
26 3 22 1702106974931
26 3 23 1702106975445
26 3 24 1702106975956
26 4 1 1702106976468
26 4 2 1702106976975
26 4 3 1702106977489
26 4 4 1702106978005
26 4 5 1702106978520
26 4 6 1702106979031
26 4 7 1702106979545
26 4 8 1702106980056
26 4 9 1702106980571
26 4 10 1702106981085
26 4 11 1702106981594
26 4 12 1702106982110
26 4 13 1702106982627
26 4 14 1702106983138
26 4 15 1702106983650
26 4 16 1702106984166
26 4 17 1702106984679
26 4 18 1702106985189
26 4 19 1702106985704
26 4 20 1702106986214
26 4 21 1702106986725
26 4 22 1702106987234
26 4 23 1702106987748
26 4 24 1702106988273
27 1 1 1702106988787
27 1 2 1702106989303
27 1 3 1702106989818
27 1 4 1702106990335
27 1 5 1702106990846
27 1 6 1702106991359
27 1 7 1702106991873
27 1 8 1702106992388
27 1 9 1702106992903
27 1 10 1702106993419
27 1 11 1702106993928
27 1 12 1702106994443
27 1 13 1702106994959
27 1 14 1702106995474
27 1 15 1702106995986
27 1 16 1702106996496
27 1 17 1702106997012
27 1 18 1702106997526
27 1 19 1702106998038
27 1 20 1702106998553
27 1 21 1702106999065
27 1 22 1702106999574
27 1 23 1702107000089
27 1 24 1702107000602
27 2 1 1702107001111
27 2 2 1702107001620
27 2 3 1702107002136
27 2 4 1702107002647
27 2 5 1702107003156
27 2 6 1702107003666
27 2 7 1702107004176
27 2 8 1702107004685
27 2 9 1702107005193
27 2 10 1702107005702
27 2 11 1702107006212
27 2 12 1702107006725
27 2 13 1702107007238
27 2 14 1702107007748
27 2 15 1702107008265
27 2 16 1702107008774
27 2 17 1702107009286
27 2 18 1702107009797
27 2 19 1702107010306
27 2 20 1702107010815
27 2 21 1702107011326
27 2 22 1702107011839
27 2 23 1702107012361
27 2 24 1702107012871
27 3 1 1702107013386
27 3 2 1702107013900
27 3 3 1702107014410
27 3 4 1702107014922
27 3 5 1702107015436
27 3 6 1702107015946
27 3 7 1702107016460
27 3 8 1702107016974
27 3 9 1702107017484
27 3 10 1702107018001
27 3 11 1702107018517
27 3 12 1702107019030
27 3 13 1702107019547
27 3 14 1702107020059
27 3 15 1702107020574
27 3 16 1702107021091
27 3 17 1702107021607
27 3 18 1702107022122
27 3 19 1702107022640
27 3 20 1702107023156
27 3 21 1702107023667
27 3 22 1702107024177
27 3 23 1702107024691
27 3 24 1702107025204
27 4 1 1702107025715
27 4 2 1702107026224
27 4 3 1702107026739
27 4 4 1702107027250
27 4 5 1702107027767
27 4 6 1702107028277
27 4 7 1702107028795
27 4 8 1702107029306
27 4 9 1702107029822
27 4 10 1702107030339
27 4 11 1702107030854
27 4 12 1702107031370
27 4 13 1702107031886
27 4 14 1702107032397
27 4 15 1702107032912
27 4 16 1702107033426
27 4 17 1702107033940
27 4 18 1702107034456
27 4 19 1702107034970
27 4 20 1702107035483
27 4 21 1702107036000
27 4 22 1702107036517
27 4 23 1702107037029
27 4 24 1702107037538
28 1 1 1702107038048
28 1 2 1702107038562
28 1 3 1702107039072
28 1 4 1702107039584
28 1 5 1702107040100
28 1 6 1702107040617
28 1 7 1702107041129
28 1 8 1702107041646
28 1 9 1702107042155
28 1 10 1702107042667
28 1 11 1702107043180
28 1 12 1702107043690
28 1 13 1702107044201
28 1 14 1702107044717
28 1 15 1702107045234
28 1 16 1702107045743
28 1 17 1702107046254
28 1 18 1702107046769
28 1 19 1702107047283
28 1 20 1702107047794
28 1 21 1702107048306
28 1 22 1702107048843
28 1 23 1702107049352
28 1 24 1702107049867
28 2 1 1702107050377
28 2 2 1702107050893
28 2 3 1702107051407
28 2 4 1702107051923
28 2 5 1702107052436
28 2 6 1702107052950
28 2 7 1702107053461
28 2 8 1702107053970
28 2 9 1702107054480
28 2 10 1702107054995
28 2 11 1702107055506
28 2 12 1702107056022
28 2 13 1702107056533
28 2 14 1702107057045
28 2 15 1702107057553
28 2 16 1702107058069
28 2 17 1702107058584
28 2 18 1702107059100
28 2 19 1702107059611
28 2 20 1702107060125
28 2 21 1702107060636
28 2 22 1702107061146
28 2 23 1702107061660
28 2 24 1702107062174
28 3 1 1702107062688
28 3 2 1702107063204
28 3 3 1702107063715
28 3 4 1702107064225
28 3 5 1702107064736
28 3 6 1702107065246
28 3 7 1702107065761
28 3 8 1702107066278
28 3 9 1702107066789
28 3 10 1702107067299
28 3 11 1702107067809
28 3 12 1702107068319
28 3 13 1702107068835
28 3 14 1702107069347
28 3 15 1702107069862
28 3 16 1702107070376
28 3 17 1702107070892
28 3 18 1702107071407
28 3 19 1702107071922
28 3 20 1702107072433
28 3 21 1702107072951
28 3 22 1702107073468
28 3 23 1702107073983
28 3 24 1702107074491
28 4 1 1702107075005
28 4 2 1702107075522
28 4 3 1702107076034
28 4 4 1702107076548
28 4 5 1702107077066
28 4 6 1702107077585
28 4 7 1702107078103
28 4 8 1702107078612
28 4 9 1702107079127
28 4 10 1702107079648
28 4 11 1702107080158
28 4 12 1702107080672
28 4 13 1702107081186
28 4 14 1702107081702
28 4 15 1702107082215
28 4 16 1702107082732
28 4 17 1702107083246
28 4 18 1702107083758
28 4 19 1702107084273
28 4 20 1702107084787
28 4 21 1702107085304
28 4 22 1702107085816
28 4 23 1702107086335
28 4 24 1702107086853
29 1 1 1702107087368
29 1 2 1702107087886
29 1 3 1702107088403
29 1 4 1702107088920
29 1 5 1702107089435
29 1 6 1702107089951
29 1 7 1702107090466
29 1 8 1702107090981
29 1 9 1702107091498
29 1 10 1702107092013
29 1 11 1702107092529
29 1 12 1702107093042
29 1 13 1702107093553
29 1 14 1702107094072
29 1 15 1702107094588
29 1 16 1702107095097
29 1 17 1702107095615
29 1 18 1702107096133
29 1 19 1702107096669
29 1 20 1702107097180
29 1 21 1702107097690
29 1 22 1702107098207
29 1 23 1702107098724
29 1 24 1702107099235
29 2 1 1702107099747
29 2 2 1702107100262
29 2 3 1702107100773
29 2 4 1702107101283
29 2 5 1702107101801
29 2 6 1702107102318
29 2 7 1702107102836
29 2 8 1702107103353
29 2 9 1702107103870
29 2 10 1702107104388
29 2 11 1702107104901
29 2 12 1702107105422
29 2 13 1702107105933
29 2 14 1702107106447
29 2 15 1702107106962
29 2 16 1702107107480
29 2 17 1702107107995
29 2 18 1702107108512
29 2 19 1702107109022
29 2 20 1702107109537
29 2 21 1702107110057
29 2 22 1702107110573
29 2 23 1702107111089
29 2 24 1702107111606
29 3 1 1702107112122
29 3 2 1702107112641
29 3 3 1702107113152
29 3 4 1702107113666
29 3 5 1702107114182
29 3 6 1702107114693
29 3 7 1702107115204
29 3 8 1702107115718
29 3 9 1702107116228
29 3 10 1702107116742
29 3 11 1702107117259
29 3 12 1702107117775
29 3 13 1702107118290
29 3 14 1702107118805
29 3 15 1702107119324
29 3 16 1702107119835
29 3 17 1702107120352
29 3 18 1702107120870
29 3 19 1702107121381
29 3 20 1702107121894
29 3 21 1702107122409
29 3 22 1702107122920
29 3 23 1702107123437
29 3 24 1702107123948
29 4 1 1702107124459
29 4 2 1702107124970
29 4 3 1702107125480
29 4 4 1702107125992
29 4 5 1702107126503
29 4 6 1702107127013
29 4 7 1702107127525
29 4 8 1702107128037
29 4 9 1702107128553
29 4 10 1702107129063
29 4 11 1702107129580
29 4 12 1702107130091
29 4 13 1702107130600
29 4 14 1702107131111
29 4 15 1702107131624
29 4 16 1702107132134
29 4 17 1702107132644
29 4 18 1702107133154
29 4 19 1702107133666
29 4 20 1702107134179
29 4 21 1702107134690
29 4 22 1702107135199
29 4 23 1702107135710
29 4 24 1702107136219
30 1 1 1702107136730
30 1 2 1702107137239
30 1 3 1702107137747
30 1 4 1702107138257
30 1 5 1702107138774
30 1 6 1702107139283
30 1 7 1702107139797
30 1 8 1702107140308
30 1 9 1702107140820
30 1 10 1702107141333
30 1 11 1702107141842
30 1 12 1702107142352
30 1 13 1702107142867
30 1 14 1702107143376
30 1 15 1702107143885
30 1 16 1702107144394
30 1 17 1702107144904
30 1 18 1702107145413
30 1 19 1702107145951
30 1 20 1702107146462
30 1 21 1702107146976
30 1 22 1702107147487
30 1 23 1702107148004
30 1 24 1702107148513
30 2 1 1702107149024
30 2 2 1702107149539
30 2 3 1702107150050
30 2 4 1702107150565
30 2 5 1702107151082
30 2 6 1702107151592
30 2 7 1702107152108
30 2 8 1702107152619
30 2 9 1702107153130
30 2 10 1702107153640
30 2 11 1702107154158
30 2 12 1702107154667
30 2 13 1702107155177
30 2 14 1702107155692
30 2 15 1702107156211
30 2 16 1702107156728
30 2 17 1702107157245
30 2 18 1702107157763
30 2 19 1702107158273
30 2 20 1702107158789
30 2 21 1702107159298
30 2 22 1702107159814
30 2 23 1702107160332
30 2 24 1702107160849
30 3 1 1702107161368
30 3 2 1702107161885
30 3 3 1702107162400
30 3 4 1702107162916
30 3 5 1702107163432
30 3 6 1702107163950
30 3 7 1702107164463
30 3 8 1702107164981
30 3 9 1702107165497
30 3 10 1702107166007
30 3 11 1702107166522
30 3 12 1702107167039
30 3 13 1702107167554
30 3 14 1702107168067
30 3 15 1702107168584
30 3 16 1702107169096
30 3 17 1702107169607
30 3 18 1702107170119
30 3 19 1702107170633
30 3 20 1702107171148
30 3 21 1702107171658
30 3 22 1702107172174
30 3 23 1702107172690
30 3 24 1702107173207
30 4 1 1702107173725
30 4 2 1702107174237
30 4 3 1702107174756
30 4 4 1702107175270
30 4 5 1702107175780
30 4 6 1702107176295
30 4 7 1702107176814
30 4 8 1702107177328
30 4 9 1702107177838
30 4 10 1702107178351
30 4 11 1702107178863
30 4 12 1702107179381
30 4 13 1702107179896
30 4 14 1702107180408
30 4 15 1702107180923
30 4 16 1702107181433
30 4 17 1702107181949
30 4 18 1702107182465
30 4 19 1702107182984
30 4 20 1702107183496
30 4 21 1702107184012
30 4 22 1702107184528
30 4 23 1702107185045
30 4 24 1702107185561
31 1 1 1702107186078
31 1 2 1702107186589
31 1 3 1702107187099
31 1 4 1702107187611
31 1 5 1702107188123
31 1 6 1702107188639
31 1 7 1702107189155
31 1 8 1702107189670
31 1 9 1702107190187
31 1 10 1702107190704
31 1 11 1702107191214
31 1 12 1702107191724
31 1 13 1702107192238
31 1 14 1702107192751
31 1 15 1702107193265
31 1 16 1702107193782
31 1 17 1702107194296
31 1 18 1702107194814
31 1 19 1702107195332
31 1 20 1702107195848
31 1 21 1702107196361
31 1 22 1702107196874
31 1 23 1702107197389
31 1 24 1702107197901
31 2 1 1702107198412
31 2 2 1702107198927
31 2 3 1702107199438
31 2 4 1702107199955
31 2 5 1702107200471
31 2 6 1702107200984
31 2 7 1702107201497
31 2 8 1702107202009
31 2 9 1702107202520
31 2 10 1702107203030
31 2 11 1702107203542
31 2 12 1702107204056
31 2 13 1702107204572
31 2 14 1702107205084
31 2 15 1702107205595
31 2 16 1702107206112
31 2 17 1702107206623
31 2 18 1702107207140
31 2 19 1702107207651
31 2 20 1702107208161
31 2 21 1702107208678
31 2 22 1702107209191
31 2 23 1702107209703
31 2 24 1702107210218
31 3 1 1702107210734
31 3 2 1702107211252
31 3 3 1702107211764
31 3 4 1702107212274
31 3 5 1702107212783
31 3 6 1702107213298
31 3 7 1702107213809
31 3 8 1702107214325
31 3 9 1702107214836
31 3 10 1702107215353
31 3 11 1702107215866
31 3 12 1702107216377
31 3 13 1702107216890
31 3 14 1702107217408
31 3 15 1702107217920
31 3 16 1702107218429
31 3 17 1702107218939
31 3 18 1702107219452
31 3 19 1702107219961
31 3 20 1702107220476
31 3 21 1702107220992
31 3 22 1702107221503
31 3 23 1702107222019
31 3 24 1702107222533
31 4 1 1702107223043
31 4 2 1702107223559
31 4 3 1702107224073
31 4 4 1702107224584
31 4 5 1702107225094
31 4 6 1702107225609
31 4 7 1702107226120
31 4 8 1702107226636
31 4 9 1702107227146
31 4 10 1702107227659
31 4 11 1702107228170
31 4 12 1702107228688
31 4 13 1702107229203
31 4 14 1702107229714
31 4 15 1702107230230
31 4 16 1702107230747
31 4 17 1702107231264
31 4 18 1702107231781
31 4 19 1702107232292
31 4 20 1702107232809
31 4 21 1702107233323
31 4 22 1702107233835
31 4 23 1702107234353
31 4 24 1702107234872
32 1 1 1702107235387
32 1 2 1702107235905
32 1 3 1702107236423
32 1 4 1702107236939
32 1 5 1702107237455
32 1 6 1702107237966
32 1 7 1702107238477
32 1 8 1702107238987
32 1 9 1702107239505
32 1 10 1702107240019
32 1 11 1702107240537
32 1 12 1702107241048
32 1 13 1702107241563
32 1 14 1702107242081
32 1 15 1702107242599
32 1 16 1702107243113
32 1 17 1702107243626
32 1 18 1702107244139
32 1 19 1702107244650
32 1 20 1702107245161
32 1 21 1702107245671
32 1 22 1702107246182
32 1 23 1702107246692
32 1 24 1702107247207
32 2 1 1702107247721
32 2 2 1702107248233
32 2 3 1702107248746
32 2 4 1702107249264
32 2 5 1702107249777
32 2 6 1702107250285
32 2 7 1702107250796
32 2 8 1702107251306
32 2 9 1702107251822
32 2 10 1702107252341
32 2 11 1702107252854
32 2 12 1702107253371
32 2 13 1702107253881
32 2 14 1702107254394
32 2 15 1702107254911
32 2 16 1702107255422
32 2 17 1702107255938
32 2 18 1702107256456
32 2 19 1702107256969
32 2 20 1702107257483
32 2 21 1702107258000
32 2 22 1702107258517
32 2 23 1702107259028
32 2 24 1702107259536
32 3 1 1702107260050
32 3 2 1702107260559
32 3 3 1702107261072
32 3 4 1702107261584
32 3 5 1702107262104
32 3 6 1702107262619
32 3 7 1702107263137
32 3 8 1702107263648
32 3 9 1702107264158
32 3 10 1702107264675
32 3 11 1702107265184
32 3 12 1702107265697
32 3 13 1702107266214
32 3 14 1702107266731
32 3 15 1702107267249
32 3 16 1702107267766
32 3 17 1702107268281
32 3 18 1702107268790
32 3 19 1702107269300
32 3 20 1702107269814
32 3 21 1702107270331
32 3 22 1702107270849
32 3 23 1702107271364
32 3 24 1702107271880
32 4 1 1702107272396
32 4 2 1702107272907
32 4 3 1702107273417
32 4 4 1702107273934
32 4 5 1702107274443
32 4 6 1702107274953
32 4 7 1702107275471
32 4 8 1702107275987
32 4 9 1702107276500
32 4 10 1702107277016
32 4 11 1702107277532
32 4 12 1702107278048
32 4 13 1702107278566
32 4 14 1702107279075
32 4 15 1702107279592
32 4 16 1702107280108
32 4 17 1702107280626
32 4 18 1702107281139
32 4 19 1702107281650
32 4 20 1702107282162
32 4 21 1702107282676
32 4 22 1702107283189
32 4 23 1702107283699
32 4 24 1702107284213
33 1 1 1702107284724
33 1 2 1702107285238
33 1 3 1702107285755
33 1 4 1702107286270
33 1 5 1702107286791
33 1 6 1702107287301
33 1 7 1702107287818
33 1 8 1702107288328
33 1 9 1702107288844
33 1 10 1702107289354
33 1 11 1702107289873
33 1 12 1702107290384
33 1 13 1702107290899
33 1 14 1702107291409
33 1 15 1702107291927
33 1 16 1702107292437
33 1 17 1702107292955
33 1 18 1702107293472
33 1 19 1702107294009
33 1 20 1702107294525
33 1 21 1702107295036
33 1 22 1702107295554
33 1 23 1702107296071
33 1 24 1702107296586
33 2 1 1702107297102
33 2 2 1702107297613
33 2 3 1702107298131
33 2 4 1702107298641
33 2 5 1702107299158
33 2 6 1702107299676
33 2 7 1702107300195
33 2 8 1702107300713
33 2 9 1702107301230
33 2 10 1702107301743
33 2 11 1702107302253
33 2 12 1702107302764
33 2 13 1702107303276
33 2 14 1702107303788
33 2 15 1702107304300
33 2 16 1702107304810
33 2 17 1702107305321
33 2 18 1702107305832
33 2 19 1702107306343
33 2 20 1702107306852
33 2 21 1702107307367
33 2 22 1702107307879
33 2 23 1702107308396
33 2 24 1702107308914
33 3 1 1702107309433
33 3 2 1702107309949
33 3 3 1702107310461
33 3 4 1702107310978
33 3 5 1702107311489
33 3 6 1702107312001
33 3 7 1702107312521
33 3 8 1702107313031
33 3 9 1702107313541
33 3 10 1702107314058
33 3 11 1702107314582
33 3 12 1702107315093
33 3 13 1702107315608
33 3 14 1702107316122
33 3 15 1702107316640
33 3 16 1702107317154
33 3 17 1702107317668
33 3 18 1702107318180
33 3 19 1702107318693
33 3 20 1702107319210
33 3 21 1702107319721
33 3 22 1702107320234
33 3 23 1702107320747
33 3 24 1702107321265
33 4 1 1702107321781
33 4 2 1702107322296
33 4 3 1702107322819
33 4 4 1702107323335
33 4 5 1702107323848
33 4 6 1702107324362
33 4 7 1702107324873
33 4 8 1702107325382
33 4 9 1702107325900
33 4 10 1702107326431
33 4 11 1702107326943
33 4 12 1702107327460
33 4 13 1702107327973
33 4 14 1702107328491
33 4 15 1702107329009
33 4 16 1702107329519
33 4 17 1702107330033
33 4 18 1702107330549
33 4 19 1702107331064
33 4 20 1702107331582
33 4 21 1702107332101
33 4 22 1702107332618
33 4 23 1702107333135
33 4 24 1702107333654
34 1 1 1702107334170
34 1 2 1702107334681
34 1 3 1702107335200
34 1 4 1702107335719
34 1 5 1702107336237
34 1 6 1702107336756
34 1 7 1702107337275
34 1 8 1702107337791
34 1 9 1702107338305
34 1 10 1702107338821
34 1 11 1702107339330
34 1 12 1702107339843
34 1 13 1702107340352
34 1 14 1702107340863
34 1 15 1702107341371
34 1 16 1702107341887
34 1 17 1702107342397
34 1 18 1702107342909
34 1 19 1702107343425
34 1 20 1702107343938
34 1 21 1702107344454
34 1 22 1702107344964
34 1 23 1702107345477
34 1 24 1702107345993
34 2 1 1702107346504
34 2 2 1702107347019
34 2 3 1702107347540
34 2 4 1702107348056
34 2 5 1702107348565
34 2 6 1702107349082
34 2 7 1702107349593
34 2 8 1702107350104
34 2 9 1702107350617
34 2 10 1702107351130
34 2 11 1702107351645
34 2 12 1702107352160
34 2 13 1702107352678
34 2 14 1702107353195
34 2 15 1702107353714
34 2 16 1702107354225
34 2 17 1702107354735
34 2 18 1702107355244
34 2 19 1702107355760
34 2 20 1702107356275
34 2 21 1702107356793
34 2 22 1702107357306
34 2 23 1702107357816
34 2 24 1702107358327
34 3 1 1702107358843
34 3 2 1702107359360
34 3 3 1702107359877
34 3 4 1702107360392
34 3 5 1702107360904
34 3 6 1702107361415
34 3 7 1702107361926
34 3 8 1702107362435
34 3 9 1702107362947
34 3 10 1702107363463
34 3 11 1702107363972
34 3 12 1702107364483
34 3 13 1702107364994
34 3 14 1702107365507
34 3 15 1702107366017
34 3 16 1702107366530
34 3 17 1702107367047
34 3 18 1702107367561
34 3 19 1702107368076
34 3 20 1702107368585
34 3 21 1702107369096
34 3 22 1702107369606
34 3 23 1702107370123
34 3 24 1702107370648
34 4 1 1702107371164
34 4 2 1702107371675
34 4 3 1702107372192
34 4 4 1702107372710
34 4 5 1702107373227
34 4 6 1702107373739
34 4 7 1702107374254
34 4 8 1702107374764
34 4 9 1702107375282
34 4 10 1702107375797
34 4 11 1702107376313
34 4 12 1702107376860
34 4 13 1702107377377
34 4 14 1702107377894
34 4 15 1702107378405
34 4 16 1702107378925
34 4 17 1702107379444
34 4 18 1702107379961
34 4 19 1702107380478
34 4 20 1702107380997
34 4 21 1702107381514
34 4 22 1702107382031
34 4 23 1702107382551
34 4 24 1702107383063
35 1 1 1702107383579
35 1 2 1702107384089
35 1 3 1702107384602
35 1 4 1702107385113
35 1 5 1702107385630
35 1 6 1702107386144
35 1 7 1702107386661
35 1 8 1702107387177
35 1 9 1702107387693
35 1 10 1702107388206
35 1 11 1702107388721
35 1 12 1702107389233
35 1 13 1702107389748
35 1 14 1702107390263
35 1 15 1702107390777
35 1 16 1702107391288
35 1 17 1702107391805
35 1 18 1702107392315
35 1 19 1702107392825
35 1 20 1702107393336
35 1 21 1702107393856
35 1 22 1702107394366
35 1 23 1702107394876
35 1 24 1702107395388
35 2 1 1702107395899
35 2 2 1702107396416
35 2 3 1702107396933
35 2 4 1702107397444
35 2 5 1702107397961
35 2 6 1702107398479
35 2 7 1702107398996
35 2 8 1702107399511
35 2 9 1702107400027
35 2 10 1702107400539
35 2 11 1702107401049
35 2 12 1702107401558
35 2 13 1702107402069
35 2 14 1702107402585
35 2 15 1702107403103
35 2 16 1702107403623
35 2 17 1702107404141
35 2 18 1702107404657
35 2 19 1702107405175
35 2 20 1702107405686
35 2 21 1702107406199
35 2 22 1702107406714
35 2 23 1702107407227
35 2 24 1702107407745
35 3 1 1702107408256
35 3 2 1702107408773
35 3 3 1702107409290
35 3 4 1702107409809
35 3 5 1702107410322
35 3 6 1702107410835
35 3 7 1702107411352
35 3 8 1702107411871
35 3 9 1702107412383
35 3 10 1702107412902
35 3 11 1702107413424
35 3 12 1702107413939
35 3 13 1702107414453
35 3 14 1702107414970
35 3 15 1702107415486
35 3 16 1702107415997
35 3 17 1702107416509
35 3 18 1702107417020
35 3 19 1702107417530
35 3 20 1702107418051
35 3 21 1702107418564
35 3 22 1702107419081
35 3 23 1702107419593
35 3 24 1702107420105
35 4 1 1702107420621
35 4 2 1702107421137
35 4 3 1702107421648
35 4 4 1702107422160
35 4 5 1702107422679
35 4 6 1702107423196
35 4 7 1702107423714
35 4 8 1702107424226
35 4 9 1702107424735
35 4 10 1702107425252
35 4 11 1702107425764
35 4 12 1702107426276
35 4 13 1702107426786
35 4 14 1702107427296
35 4 15 1702107427807
35 4 16 1702107428372
35 4 17 1702107428883
35 4 18 1702107429395
35 4 19 1702107429905
35 4 20 1702107430420
35 4 21 1702107430935
35 4 22 1702107431453
35 4 23 1702107431964
35 4 24 1702107432482
36 1 1 1702107433000
36 1 2 1702107433512
36 1 3 1702107434033
36 1 4 1702107434547
36 1 5 1702107435057
36 1 6 1702107435568
36 1 7 1702107436087
36 1 8 1702107436604
36 1 9 1702107437119
36 1 10 1702107437636
36 1 11 1702107438156
36 1 12 1702107438665
36 1 13 1702107439180
36 1 14 1702107439699
36 1 15 1702107440218
36 1 16 1702107440737
36 1 17 1702107441253
36 1 18 1702107441770
36 1 19 1702107442281
36 1 20 1702107442796
36 1 21 1702107443312
36 1 22 1702107443836
36 1 23 1702107444354
36 1 24 1702107444872
36 2 1 1702107445384
36 2 2 1702107445894
36 2 3 1702107446405
36 2 4 1702107446921
36 2 5 1702107447432
36 2 6 1702107447952
36 2 7 1702107448469
36 2 8 1702107448987
36 2 9 1702107449501
36 2 10 1702107450020
36 2 11 1702107450538
36 2 12 1702107451055
36 2 13 1702107451565
36 2 14 1702107452081
36 2 15 1702107452594
36 2 16 1702107453106
36 2 17 1702107453617
36 2 18 1702107454128
36 2 19 1702107454644
36 2 20 1702107455163
36 2 21 1702107455678
36 2 22 1702107456197
36 2 23 1702107456714
36 2 24 1702107457233
36 3 1 1702107457750
36 3 2 1702107458267
36 3 3 1702107458786
36 3 4 1702107459304
36 3 5 1702107459816
36 3 6 1702107460329
36 3 7 1702107460846
36 3 8 1702107461361
36 3 9 1702107461877
36 3 10 1702107462393
36 3 11 1702107462911
36 3 12 1702107463428
36 3 13 1702107463945
36 3 14 1702107464456
36 3 15 1702107464966
36 3 16 1702107465476
36 3 17 1702107465992
36 3 18 1702107466510
36 3 19 1702107467025
36 3 20 1702107467542
36 3 21 1702107468056
36 3 22 1702107468568
36 3 23 1702107469086
36 3 24 1702107469595
36 4 1 1702107470111
36 4 2 1702107470622
36 4 3 1702107471140
36 4 4 1702107471657
36 4 5 1702107472177
36 4 6 1702107472693
36 4 7 1702107473212
36 4 8 1702107473731
36 4 9 1702107474240
36 4 10 1702107474757
36 4 11 1702107475275
36 4 12 1702107475794
36 4 13 1702107476309
36 4 14 1702107476828
36 4 15 1702107477347
36 4 16 1702107477865
36 4 17 1702107478381
36 4 18 1702107478893
36 4 19 1702107479408
36 4 20 1702107479927
36 4 21 1702107480447
36 4 22 1702107480964
36 4 23 1702107481481
36 4 24 1702107481991
37 1 1 1702107482503
37 1 2 1702107483025
37 1 3 1702107483543
37 1 4 1702107484054
37 1 5 1702107484563
37 1 6 1702107485087
37 1 7 1702107485598
37 1 8 1702107486114
37 1 9 1702107486629
37 1 10 1702107487139
37 1 11 1702107487655
37 1 12 1702107488168
37 1 13 1702107488679
37 1 14 1702107489197
37 1 15 1702107489716
37 1 16 1702107490233
37 1 17 1702107490749
37 1 18 1702107491267
37 1 19 1702107491785
37 1 20 1702107492304
37 1 21 1702107492814
37 1 22 1702107493324
37 1 23 1702107493837
37 1 24 1702107494350
37 2 1 1702107494863
37 2 2 1702107495380
37 2 3 1702107495895
37 2 4 1702107496415
37 2 5 1702107496927
37 2 6 1702107497448
37 2 7 1702107497961
37 2 8 1702107498472
37 2 9 1702107498986
37 2 10 1702107499495
37 2 11 1702107500013
37 2 12 1702107500524
37 2 13 1702107501034
37 2 14 1702107501545
37 2 15 1702107502061
37 2 16 1702107502572
37 2 17 1702107503088
37 2 18 1702107503603
37 2 19 1702107504111
37 2 20 1702107504623
37 2 21 1702107505140
37 2 22 1702107505657
37 2 23 1702107506169
37 2 24 1702107506679
37 3 1 1702107507196
37 3 2 1702107507710
37 3 3 1702107508228
37 3 4 1702107508753
37 3 5 1702107509267
37 3 6 1702107509779
37 3 7 1702107510295
37 3 8 1702107510820
37 3 9 1702107511336
37 3 10 1702107511854
37 3 11 1702107512373
37 3 12 1702107512888
37 3 13 1702107513401
37 3 14 1702107513920
37 3 15 1702107514432
37 3 16 1702107514944
37 3 17 1702107515462
37 3 18 1702107515982
37 3 19 1702107516495
37 3 20 1702107517005
37 3 21 1702107517517
37 3 22 1702107518035
37 3 23 1702107518552
37 3 24 1702107519067
37 4 1 1702107519577
37 4 2 1702107520089
37 4 3 1702107520601
37 4 4 1702107521115
37 4 5 1702107521633
37 4 6 1702107522150
37 4 7 1702107522662
37 4 8 1702107523179
37 4 9 1702107523696
37 4 10 1702107524211
37 4 11 1702107524729
37 4 12 1702107525244
37 4 13 1702107525765
37 4 14 1702107526279
37 4 15 1702107526793
37 4 16 1702107527305
37 4 17 1702107527823
37 4 18 1702107528341
37 4 19 1702107528859
37 4 20 1702107529374
37 4 21 1702107529887
37 4 22 1702107530400
37 4 23 1702107530917
37 4 24 1702107531433
38 1 1 1702107531944
38 1 2 1702107532456
38 1 3 1702107532970
38 1 4 1702107533484
38 1 5 1702107534000
38 1 6 1702107534520
38 1 7 1702107535036
38 1 8 1702107535555
38 1 9 1702107536066
38 1 10 1702107536580
38 1 11 1702107537094
38 1 12 1702107537611
38 1 13 1702107538130
38 1 14 1702107538646
38 1 15 1702107539167
38 1 16 1702107539684
38 1 17 1702107540195
38 1 18 1702107540710
38 1 19 1702107541220
38 1 20 1702107541730
38 1 21 1702107542244
38 1 22 1702107542760
38 1 23 1702107543272
38 1 24 1702107543781
38 2 1 1702107544292
38 2 2 1702107544803
38 2 3 1702107545316
38 2 4 1702107545830
38 2 5 1702107546341
38 2 6 1702107546851
38 2 7 1702107547370
38 2 8 1702107547882
38 2 9 1702107548393
38 2 10 1702107548909
38 2 11 1702107549421
38 2 12 1702107549932
38 2 13 1702107550451
38 2 14 1702107550967
38 2 15 1702107551491
38 2 16 1702107552002
38 2 17 1702107552512
38 2 18 1702107553029
38 2 19 1702107553547
38 2 20 1702107554059
38 2 21 1702107554572
38 2 22 1702107555091
38 2 23 1702107555612
38 2 24 1702107556130
38 3 1 1702107556646
38 3 2 1702107557164
38 3 3 1702107557679
38 3 4 1702107558192
38 3 5 1702107558702
38 3 6 1702107559217
38 3 7 1702107559732
38 3 8 1702107560281
38 3 9 1702107560798
38 3 10 1702107561339
38 3 11 1702107561857
38 3 12 1702107562371
38 3 13 1702107562888
38 3 14 1702107563402
38 3 15 1702107563919
38 3 16 1702107564435
38 3 17 1702107564952
38 3 18 1702107565463
38 3 19 1702107565979
38 3 20 1702107566497
38 3 21 1702107567010
38 3 22 1702107567533
38 3 23 1702107568049
38 3 24 1702107568563
38 4 1 1702107569083
38 4 2 1702107569601
38 4 3 1702107570111
38 4 4 1702107570625
38 4 5 1702107571143
38 4 6 1702107571663
38 4 7 1702107572181
38 4 8 1702107572699
38 4 9 1702107573228
38 4 10 1702107573747
38 4 11 1702107574267
38 4 12 1702107574787
38 4 13 1702107575306
38 4 14 1702107575820
38 4 15 1702107576339
38 4 16 1702107576857
38 4 17 1702107577376
38 4 18 1702107577894
38 4 19 1702107578413
38 4 20 1702107578931
38 4 21 1702107579443
38 4 22 1702107579957
38 4 23 1702107580474
38 4 24 1702107580994
39 1 1 1702107581507
39 1 2 1702107582024
39 1 3 1702107582534
39 1 4 1702107583054
39 1 5 1702107583564
39 1 6 1702107584083
39 1 7 1702107584597
39 1 8 1702107585108
39 1 9 1702107585624
39 1 10 1702107586140
39 1 11 1702107586661
39 1 12 1702107587173
39 1 13 1702107587685
39 1 14 1702107588206
39 1 15 1702107588722
39 1 16 1702107589235
39 1 17 1702107589750
39 1 18 1702107590269
39 1 19 1702107590787
39 1 20 1702107591304
39 1 21 1702107591822
39 1 22 1702107592336
39 1 23 1702107592855
39 1 24 1702107593367
39 2 1 1702107593878
39 2 2 1702107594394
39 2 3 1702107594912
39 2 4 1702107595431
39 2 5 1702107595950
39 2 6 1702107596461
39 2 7 1702107596977
39 2 8 1702107597497
39 2 9 1702107598015
39 2 10 1702107598532
39 2 11 1702107599050
39 2 12 1702107599561
39 2 13 1702107600071
39 2 14 1702107600589
39 2 15 1702107601105
39 2 16 1702107601617
39 2 17 1702107602128
39 2 18 1702107602639
39 2 19 1702107603149
39 2 20 1702107603661
39 2 21 1702107604170
39 2 22 1702107604683
39 2 23 1702107605201
39 2 24 1702107605713
39 3 1 1702107606226
39 3 2 1702107606739
39 3 3 1702107607251
39 3 4 1702107607764
39 3 5 1702107608273
39 3 6 1702107608783
39 3 7 1702107609291
39 3 8 1702107609800
39 3 9 1702107610317
39 3 10 1702107610829
39 3 11 1702107611341
39 3 12 1702107611851
39 3 13 1702107612359
39 3 14 1702107612870
39 3 15 1702107613383
39 3 16 1702107613895
39 3 17 1702107614408
39 3 18 1702107614918
39 3 19 1702107615429
39 3 20 1702107615939
39 3 21 1702107616451
39 3 22 1702107616962
39 3 23 1702107617473
39 3 24 1702107617983
39 4 1 1702107618495
39 4 2 1702107619009
39 4 3 1702107619531
39 4 4 1702107620043
39 4 5 1702107620555
39 4 6 1702107621065
39 4 7 1702107621576
39 4 8 1702107622094
39 4 9 1702107622606
39 4 10 1702107623118
39 4 11 1702107623635
39 4 12 1702107624149
39 4 13 1702107624665
39 4 14 1702107625182
39 4 15 1702107625694
39 4 16 1702107626206
39 4 17 1702107626717
39 4 18 1702107627232
39 4 19 1702107627744
39 4 20 1702107628263
39 4 21 1702107628778
39 4 22 1702107629290
39 4 23 1702107629811
39 4 24 1702107630329
40 1 1 1702107630850
40 1 2 1702107631367
40 1 3 1702107631884
40 1 4 1702107632402
40 1 5 1702107632916
40 1 6 1702107633427
40 1 7 1702107633940
40 1 8 1702107634460
40 1 9 1702107634978
40 1 10 1702107635490
40 1 11 1702107636009
40 1 12 1702107636526
40 1 13 1702107637036
40 1 14 1702107637552
40 1 15 1702107638068
40 1 16 1702107638587
40 1 17 1702107639098
40 1 18 1702107639615
40 1 19 1702107640134
40 1 20 1702107640652
40 1 21 1702107641170
40 1 22 1702107641688
40 1 23 1702107642199
40 1 24 1702107642714
40 2 1 1702107643233
40 2 2 1702107643748
40 2 3 1702107644265
40 2 4 1702107644778
40 2 5 1702107645295
40 2 6 1702107645814
40 2 7 1702107646327
40 2 8 1702107646842
40 2 9 1702107647356
40 2 10 1702107647874
40 2 11 1702107648387
40 2 12 1702107648898
40 2 13 1702107649407
40 2 14 1702107649919
40 2 15 1702107650440
40 2 16 1702107650958
40 2 17 1702107651478
40 2 18 1702107651995
40 2 19 1702107652506
40 2 20 1702107653021
40 2 21 1702107653531
40 2 22 1702107654043
40 2 23 1702107654562
40 2 24 1702107655077
40 3 1 1702107655592
40 3 2 1702107656109
40 3 3 1702107656620
40 3 4 1702107657131
40 3 5 1702107657648
40 3 6 1702107658167
40 3 7 1702107658677
40 3 8 1702107659191
40 3 9 1702107659702
40 3 10 1702107660219
40 3 11 1702107660737
40 3 12 1702107661252
40 3 13 1702107661771
40 3 14 1702107662288
40 3 15 1702107662800
40 3 16 1702107663315
40 3 17 1702107663827
40 3 18 1702107664338
40 3 19 1702107664849
40 3 20 1702107665367
40 3 21 1702107665878
40 3 22 1702107666387
40 3 23 1702107666905
40 3 24 1702107667424
40 4 1 1702107667938
40 4 2 1702107668449
40 4 3 1702107668966
40 4 4 1702107669477
40 4 5 1702107669988
40 4 6 1702107670498
40 4 7 1702107671010
40 4 8 1702107671521
40 4 9 1702107672033
40 4 10 1702107672543
40 4 11 1702107673054
40 4 12 1702107673565
40 4 13 1702107674082
40 4 14 1702107674595
40 4 15 1702107675104
40 4 16 1702107675614
40 4 17 1702107676124
40 4 18 1702107676634
40 4 19 1702107677145
40 4 20 1702107677661
40 4 21 1702107678183
40 4 22 1702107678698
40 4 23 1702107679219
40 4 24 1702107679736
41 1 1 1702107680248
41 1 2 1702107680767
41 1 3 1702107681282
41 1 4 1702107681792
41 1 5 1702107682310
41 1 6 1702107682821
41 1 7 1702107683334
41 1 8 1702107683852
41 1 9 1702107684363
41 1 10 1702107684880
41 1 11 1702107685391
41 1 12 1702107685901
41 1 13 1702107686414
41 1 14 1702107686931
41 1 15 1702107687444
41 1 16 1702107687954
41 1 17 1702107688467
41 1 18 1702107688978
41 1 19 1702107689490
41 1 20 1702107690009
41 1 21 1702107690522
41 1 22 1702107691037
41 1 23 1702107691549
41 1 24 1702107692062
41 2 1 1702107692574
41 2 2 1702107693087
41 2 3 1702107693600
41 2 4 1702107694117
41 2 5 1702107694628
41 2 6 1702107695148
41 2 7 1702107695660
41 2 8 1702107696179
41 2 9 1702107696696
41 2 10 1702107697209
41 2 11 1702107697726
41 2 12 1702107698244
41 2 13 1702107698759
41 2 14 1702107699278
41 2 15 1702107699796
41 2 16 1702107700313
41 2 17 1702107700831
41 2 18 1702107701344
41 2 19 1702107701861
41 2 20 1702107702381
41 2 21 1702107702898
41 2 22 1702107703417
41 2 23 1702107703931
41 2 24 1702107704449
41 3 1 1702107704962
41 3 2 1702107705481
41 3 3 1702107706001
41 3 4 1702107706514
41 3 5 1702107707026
41 3 6 1702107707543
41 3 7 1702107708056
41 3 8 1702107708573
41 3 9 1702107709085
41 3 10 1702107709603
41 3 11 1702107710122
41 3 12 1702107710658
41 3 13 1702107711175
41 3 14 1702107711694
41 3 15 1702107712215
41 3 16 1702107712728
41 3 17 1702107713246
41 3 18 1702107713768
41 3 19 1702107714286
41 3 20 1702107714807
41 3 21 1702107715326
41 3 22 1702107715845
41 3 23 1702107716368
41 3 24 1702107716880
41 4 1 1702107717393
41 4 2 1702107717910
41 4 3 1702107718430
41 4 4 1702107718948
41 4 5 1702107719458
41 4 6 1702107719975
41 4 7 1702107720487
41 4 8 1702107720997
41 4 9 1702107721510
41 4 10 1702107722021
41 4 11 1702107722534
41 4 12 1702107723047
41 4 13 1702107723561
41 4 14 1702107724078
41 4 15 1702107724592
41 4 16 1702107725103
41 4 17 1702107725616
41 4 18 1702107726127
41 4 19 1702107726643
41 4 20 1702107727159
41 4 21 1702107727671
41 4 22 1702107728189
41 4 23 1702107728700
41 4 24 1702107729215
42 1 1 1702107729734
42 1 2 1702107730254
42 1 3 1702107730765
42 1 4 1702107731277
42 1 5 1702107731795
42 1 6 1702107732308
42 1 7 1702107732818
42 1 8 1702107733327
42 1 9 1702107733845
42 1 10 1702107734357
42 1 11 1702107734868
42 1 12 1702107735385
42 1 13 1702107735902
42 1 14 1702107736418
42 1 15 1702107736930
42 1 16 1702107737446
42 1 17 1702107737964
42 1 18 1702107738477
42 1 19 1702107738990
42 1 20 1702107739503
42 1 21 1702107740016
42 1 22 1702107740533
42 1 23 1702107741052
42 1 24 1702107741565
42 2 1 1702107742083
42 2 2 1702107742593
42 2 3 1702107743103
42 2 4 1702107743618
42 2 5 1702107744135
42 2 6 1702107744653
42 2 7 1702107745171
42 2 8 1702107745683
42 2 9 1702107746199
42 2 10 1702107746717
42 2 11 1702107747265
42 2 12 1702107747781
42 2 13 1702107748293
42 2 14 1702107748812
42 2 15 1702107749331
42 2 16 1702107749847
42 2 17 1702107750380
42 2 18 1702107750891
42 2 19 1702107751409
42 2 20 1702107751927
42 2 21 1702107752446
42 2 22 1702107752966
42 2 23 1702107753485
42 2 24 1702107753998
42 3 1 1702107754557
42 3 2 1702107755071
42 3 3 1702107755588
42 3 4 1702107756101
42 3 5 1702107756619
42 3 6 1702107757139
42 3 7 1702107757650
42 3 8 1702107758161
42 3 9 1702107758675
42 3 10 1702107759188
42 3 11 1702107759705
42 3 12 1702107760223
42 3 13 1702107760735
42 3 14 1702107761249
42 3 15 1702107761769
42 3 16 1702107762288
42 3 17 1702107762808
42 3 18 1702107763325
42 3 19 1702107763842
42 3 20 1702107764357
42 3 21 1702107764869
42 3 22 1702107765382
42 3 23 1702107765898
42 3 24 1702107766418
42 4 1 1702107766933
42 4 2 1702107767451
42 4 3 1702107767969
42 4 4 1702107768488
42 4 5 1702107769009
42 4 6 1702107769522
42 4 7 1702107770035
42 4 8 1702107770552
42 4 9 1702107771072
42 4 10 1702107771592
42 4 11 1702107772109
42 4 12 1702107772624
42 4 13 1702107773136
42 4 14 1702107773653
42 4 15 1702107774170
42 4 16 1702107774688
42 4 17 1702107775201
42 4 18 1702107775715
42 4 19 1702107776225
42 4 20 1702107776743
42 4 21 1702107777256
42 4 22 1702107777775
42 4 23 1702107778288
42 4 24 1702107778807
43 1 1 1702107779322
43 1 2 1702107779834
43 1 3 1702107780353
43 1 4 1702107780870
43 1 5 1702107781384
43 1 6 1702107781896
43 1 7 1702107782406
43 1 8 1702107782927
43 1 9 1702107783439
43 1 10 1702107783951
43 1 11 1702107784470
43 1 12 1702107784982
43 1 13 1702107785495
43 1 14 1702107786015
43 1 15 1702107786528
43 1 16 1702107787039
43 1 17 1702107787549
43 1 18 1702107788064
43 1 19 1702107788578
43 1 20 1702107789098
43 1 21 1702107789610
43 1 22 1702107790121
43 1 23 1702107790636
43 1 24 1702107791155
43 2 1 1702107791677
43 2 2 1702107792193
43 2 3 1702107792704
43 2 4 1702107793217
43 2 5 1702107793728
43 2 6 1702107794245
43 2 7 1702107794763
43 2 8 1702107795280
43 2 9 1702107795793
43 2 10 1702107796303
43 2 11 1702107796822
43 2 12 1702107797333
43 2 13 1702107797849
43 2 14 1702107798359
43 2 15 1702107798908
43 2 16 1702107799424
43 2 17 1702107799936
43 2 18 1702107800454
43 2 19 1702107800966
43 2 20 1702107801482
43 2 21 1702107801997
43 2 22 1702107802515
43 2 23 1702107803025
43 2 24 1702107803542
43 3 1 1702107804061
43 3 2 1702107804597
43 3 3 1702107805113
43 3 4 1702107805629
43 3 5 1702107806147
43 3 6 1702107806667
43 3 7 1702107807185
43 3 8 1702107807707
43 3 9 1702107808227
43 3 10 1702107808743
43 3 11 1702107809258
43 3 12 1702107809774
43 3 13 1702107810287
43 3 14 1702107810803
43 3 15 1702107811331
43 3 16 1702107811844
43 3 17 1702107812358
43 3 18 1702107812878
43 3 19 1702107813393
43 3 20 1702107813911
43 3 21 1702107814425
43 3 22 1702107814939
43 3 23 1702107815459
43 3 24 1702107815971
43 4 1 1702107816486
43 4 2 1702107816998
43 4 3 1702107817511
43 4 4 1702107818026
43 4 5 1702107818546
43 4 6 1702107819059
43 4 7 1702107819581
43 4 8 1702107820095
43 4 9 1702107820611
43 4 10 1702107821124
43 4 11 1702107821639
43 4 12 1702107822152
43 4 13 1702107822663
43 4 14 1702107823172
43 4 15 1702107823688
43 4 16 1702107824206
43 4 17 1702107824722
43 4 18 1702107825245
43 4 19 1702107825767
43 4 20 1702107826283
43 4 21 1702107826798
43 4 22 1702107827319
43 4 23 1702107827836
43 4 24 1702107828353
44 1 1 1702107828873
44 1 2 1702107829386
44 1 3 1702107829906
44 1 4 1702107830419
44 1 5 1702107830938
44 1 6 1702107831452
44 1 7 1702107831969
44 1 8 1702107832490
44 1 9 1702107833009
44 1 10 1702107833530
44 1 11 1702107834043
44 1 12 1702107834562
44 1 13 1702107835074
44 1 14 1702107835591
44 1 15 1702107836103
44 1 16 1702107836616
44 1 17 1702107837132
44 1 18 1702107837646
44 1 19 1702107838164
44 1 20 1702107838683
44 1 21 1702107839202
44 1 22 1702107839720
44 1 23 1702107840233
44 1 24 1702107840744
44 2 1 1702107841262
44 2 2 1702107841775
44 2 3 1702107842287
44 2 4 1702107842802
44 2 5 1702107843313
44 2 6 1702107843830
44 2 7 1702107844344
44 2 8 1702107844859
44 2 9 1702107845374
44 2 10 1702107845883
44 2 11 1702107846394
44 2 12 1702107846911
44 2 13 1702107847422
44 2 14 1702107847940
44 2 15 1702107848459
44 2 16 1702107848979
44 2 17 1702107849494
44 2 18 1702107850011
44 2 19 1702107850529
44 2 20 1702107851042
44 2 21 1702107851554
44 2 22 1702107852105
44 2 23 1702107852618
44 2 24 1702107853130
44 3 1 1702107853642
44 3 2 1702107854153
44 3 3 1702107854667
44 3 4 1702107855189
44 3 5 1702107855711
44 3 6 1702107856224
44 3 7 1702107856745
44 3 8 1702107857258
44 3 9 1702107857775
44 3 10 1702107858294
44 3 11 1702107858807
44 3 12 1702107859324
44 3 13 1702107859837
44 3 14 1702107860355
44 3 15 1702107860867
44 3 16 1702107861388
44 3 17 1702107861907
44 3 18 1702107862421
44 3 19 1702107862933
44 3 20 1702107863450
44 3 21 1702107863969
44 3 22 1702107864489
44 3 23 1702107865008
44 3 24 1702107865525
44 4 1 1702107866047
44 4 2 1702107866570
44 4 3 1702107867081
44 4 4 1702107867600
44 4 5 1702107868120
44 4 6 1702107868638
44 4 7 1702107869158
44 4 8 1702107869676
44 4 9 1702107870195
44 4 10 1702107870713
44 4 11 1702107871234
44 4 12 1702107871752
44 4 13 1702107872271
44 4 14 1702107872791
44 4 15 1702107873305
44 4 16 1702107873825
44 4 17 1702107874347
44 4 18 1702107874859
44 4 19 1702107875372
44 4 20 1702107875889
44 4 21 1702107876402
44 4 22 1702107876920
44 4 23 1702107877437
44 4 24 1702107877956
45 1 1 1702107878477
45 1 2 1702107878996
45 1 3 1702107879515
